                                                                                                              QUERY PLAN                                                                                                               
---------------------------------------------------------------------------------------------------------------------------------------------------------------------------------------------------------------------------------------
 Limit  (cost=49491383.83..49491384.08 rows=100 width=88)
   ->  Sort  (cost=49491383.83..49491384.83 rows=401 width=88)
         Sort Key: "*SELECT* 1".channel NULLS FIRST, "*SELECT* 1".id NULLS FIRST
         ->  HashAggregate  (cost=49491360.48..49491364.49 rows=401 width=88)
               Group Key: "*SELECT* 1".channel, "*SELECT* 1".id, (sum("*SELECT* 1".sales)), (sum("*SELECT* 1".returns_)), (sum("*SELECT* 1".profit))
               ->  Append  (cost=32994228.96..49491355.47 rows=401 width=88)
                     ->  HashAggregate  (cost=32994228.96..32994232.96 rows=400 width=88)
                           Group Key: "*SELECT* 1".channel, "*SELECT* 1".id, (sum("*SELECT* 1".sales)), (sum("*SELECT* 1".returns_)), (sum("*SELECT* 1".profit))
                           ->  Append  (cost=16497091.98..32994223.96 rows=400 width=88)
                                 ->  GroupAggregate  (cost=16497091.98..16497102.98 rows=200 width=88)
                                       Group Key: "*SELECT* 1".channel, "*SELECT* 1".id
                                       ->  Sort  (cost=16497091.98..16497093.48 rows=600 width=88)
                                             Sort Key: "*SELECT* 1".channel, "*SELECT* 1".id
                                             ->  Append  (cost=8418471.64..16497064.29 rows=600 width=88)
                                                   ->  Subquery Scan on "*SELECT* 1"  (cost=8418471.64..8419426.83 rows=200 width=88)
                                                         ->  GroupAggregate  (cost=8418471.64..8419424.83 rows=200 width=138)
                                                               Group Key: t3.s_store_id
                                                               ->  Sort  (cost=8418471.64..8418630.01 rows=63346 width=82)
                                                                     Sort Key: t3.s_store_id
                                                                     ->  Subquery Scan on t3  (cost=3130.71..8410384.99 rows=63346 width=82)
                                                                           ->  Gather  (cost=3130.71..8409751.53 rows=63346 width=2026)
                                                                                 Workers Planned: 2
                                                                                 ->  Parallel Append  (cost=2130.71..8402416.93 rows=63346 width=2026)
                                                                                       ->  Subquery Scan on "*SELECT* 1_1"  (cost=2130.71..7707724.56 rows=57465 width=427)
                                                                                             ->  Hash Join  (cost=2130.71..7706862.59 rows=23944 width=419)
                                                                                                   Hash Cond: (store_sales.ss_store_sk = store.s_store_sk)
                                                                                                   ->  Parallel Hash Join  (cost=2105.66..7706771.01 rows=25090 width=144)
                                                                                                         Hash Cond: (store_sales.ss_sold_date_sk = date_dim.d_date_sk)
                                                                                                         ->  Parallel Seq Scan on store_sales  (cost=0.00..7389799.50 rows=119942250 width=24)
                                                                                                         ->  Parallel Hash  (cost=2105.55..2105.55 rows=9 width=120)
                                                                                                               ->  Parallel Seq Scan on date_dim  (cost=0.00..2105.55 rows=9 width=120)
                                                                                                                     Filter: ((d_date >= '2000-08-23'::date) AND (d_date <= '2000-09-06'::date))
                                                                                                   ->  Hash  (cost=20.02..20.02 rows=402 width=267)
                                                                                                         ->  Seq Scan on store  (cost=0.00..20.02 rows=402 width=267)
                                                                                       ->  Subquery Scan on "*SELECT* 2_2"  (cost=2130.71..694375.64 rows=5881 width=427)
                                                                                             ->  Hash Join  (cost=2130.71..694287.43 rows=2450 width=419)
                                                                                                   Hash Cond: (store_returns.sr_store_sk = store0.s_store_sk)
                                                                                                   ->  Parallel Hash Join  (cost=2105.66..694255.65 rows=2538 width=144)
                                                                                                         Hash Cond: (store_returns.sr_returned_date_sk = date_dim_1.d_date_sk)
                                                                                                         ->  Parallel Seq Scan on store_returns  (cost=0.00..660660.86 rows=11995186 width=24)
                                                                                                         ->  Parallel Hash  (cost=2105.55..2105.55 rows=9 width=120)
                                                                                                               ->  Parallel Seq Scan on date_dim date_dim_1  (cost=0.00..2105.55 rows=9 width=120)
                                                                                                                     Filter: ((d_date >= '2000-08-23'::date) AND (d_date <= '2000-09-06'::date))
                                                                                                   ->  Hash  (cost=20.02..20.02 rows=402 width=267)
                                                                                                         ->  Seq Scan on store store0  (cost=0.00..20.02 rows=402 width=267)
                                                   ->  Subquery Scan on "*SELECT* 2_1"  (cost=5382379.46..5382898.74 rows=200 width=88)
                                                         ->  GroupAggregate  (cost=5382379.46..5382896.74 rows=200 width=138)
                                                               Group Key: t11.cp_catalog_page_id
                                                               ->  Sort  (cost=5382379.46..5382465.18 rows=34285 width=82)
                                                                     Sort Key: t11.cp_catalog_page_id
                                                                     ->  Subquery Scan on t11  (cost=3105.95..5379796.90 rows=34285 width=82)
                                                                           ->  Gather  (cost=3105.95..5379454.05 rows=34285 width=918)
                                                                                 Workers Planned: 2
                                                                                 ->  Parallel Append  (cost=2105.95..5375025.55 rows=34285 width=918)
                                                                                       ->  Subquery Scan on "*SELECT* 1_2"  (cost=3005.66..4980300.18 rows=31191 width=295)
                                                                                             ->  Hash Join  (cost=3005.66..4979832.31 rows=12996 width=287)
                                                                                                   Hash Cond: (catalog_sales.cs_catalog_page_sk = catalog_page.cp_catalog_page_sk)
                                                                                                   ->  Parallel Hash Join  (cost=2105.66..4978898.00 rows=13066 width=144)
                                                                                                         Hash Cond: (catalog_sales.cs_sold_date_sk = date_dim_2.d_date_sk)
                                                                                                         ->  Parallel Seq Scan on catalog_sales  (cost=0.00..4819292.97 rows=59996297 width=24)
                                                                                                         ->  Parallel Hash  (cost=2105.55..2105.55 rows=9 width=120)
                                                                                                               ->  Parallel Seq Scan on date_dim date_dim_2  (cost=0.00..2105.55 rows=9 width=120)
                                                                                                                     Filter: ((d_date >= '2000-08-23'::date) AND (d_date <= '2000-09-06'::date))
                                                                                                   ->  Hash  (cost=645.00..645.00 rows=20400 width=135)
                                                                                                         ->  Seq Scan on catalog_page  (cost=0.00..645.00 rows=20400 width=135)
                                                                                       ->  Subquery Scan on "*SELECT* 2_3"  (cost=2105.95..394553.94 rows=3094 width=295)
                                                                                             ->  Nested Loop  (cost=2105.95..394507.53 rows=1289 width=287)
                                                                                                   ->  Parallel Hash Join  (cost=2105.66..394106.58 rows=1314 width=144)
                                                                                                         Hash Cond: (catalog_returns.cr_returned_date_sk = date_dim_3.d_date_sk)
                                                                                                         ->  Parallel Seq Scan on catalog_returns  (cost=0.00..376254.79 rows=5998179 width=24)
                                                                                                         ->  Parallel Hash  (cost=2105.55..2105.55 rows=9 width=120)
                                                                                                               ->  Parallel Seq Scan on date_dim date_dim_3  (cost=0.00..2105.55 rows=9 width=120)
                                                                                                                     Filter: ((d_date >= '2000-08-23'::date) AND (d_date <= '2000-09-06'::date))
                                                                                                   ->  Index Scan using catalog_page_pkey on catalog_page catalog_page0  (cost=0.29..0.31 rows=1 width=135)
                                                                                                         Index Cond: (cp_catalog_page_sk = catalog_returns.cr_catalog_page_sk)
                                                   ->  Subquery Scan on "*SELECT* 2"  (cost=2694494.32..2694735.72 rows=200 width=88)
                                                         ->  GroupAggregate  (cost=2694494.32..2694733.72 rows=200 width=138)
                                                               Group Key: t22.web_site_id
                                                               ->  Sort  (cost=2694494.32..2694533.72 rows=15760 width=82)
                                                                     Sort Key: t22.web_site_id
                                                                     ->  Subquery Scan on t22  (cost=3106.37..2693395.54 rows=15760 width=82)
                                                                           ->  Gather  (cost=3106.37..2693237.94 rows=15760 width=1860)
                                                                                 Workers Planned: 2
                                                                                 ->  Parallel Append  (cost=2106.37..2690661.94 rows=15760 width=1860)
                                                                                       ->  Subquery Scan on "*SELECT* 1_3"  (cost=2116.79..2498355.81 rows=15759 width=1730)
                                                                                             ->  Hash Join  (cost=2116.79..2498119.42 rows=6566 width=1722)
                                                                                                   Hash Cond: (web_sales.ws_web_site_sk = web_site.web_site_sk)
                                                                                                   ->  Parallel Hash Join  (cost=2105.66..2498089.60 rows=6568 width=144)
                                                                                                         Hash Cond: (web_sales.ws_sold_date_sk = date_dim_4.d_date_sk)
                                                                                                         ->  Parallel Seq Scan on web_sales  (cost=0.00..2417251.13 rows=29991713 width=24)
                                                                                                         ->  Parallel Hash  (cost=2105.55..2105.55 rows=9 width=120)
                                                                                                               ->  Parallel Seq Scan on date_dim date_dim_4  (cost=0.00..2105.55 rows=9 width=120)
                                                                                                                     Filter: ((d_date >= '2000-08-23'::date) AND (d_date <= '2000-09-06'::date))
                                                                                                   ->  Hash  (cost=10.50..10.50 rows=50 width=1570)
                                                                                                         ->  Seq Scan on web_site  (cost=0.00..10.50 rows=50 width=1570)
                                                                                       ->  Subquery Scan on "*SELECT* 2_4"  (cost=2106.37..192227.33 rows=1 width=1730)
                                                                                             ->  Nested Loop  (cost=2106.37..192227.32 rows=1 width=1722)
                                                                                                   ->  Nested Loop  (cost=2106.23..192222.17 rows=1 width=144)
                                                                                                         ->  Parallel Hash Join  (cost=2105.66..187844.77 rows=628 width=148)
                                                                                                               Hash Cond: (web_returns.wr_returned_date_sk = date_dim_5.d_date_sk)
                                                                                                               ->  Parallel Seq Scan on web_returns  (cost=0.00..177866.24 rows=2999024 width=28)
                                                                                                               ->  Parallel Hash  (cost=2105.55..2105.55 rows=9 width=120)
                                                                                                                     ->  Parallel Seq Scan on date_dim date_dim_5  (cost=0.00..2105.55 rows=9 width=120)
                                                                                                                           Filter: ((d_date >= '2000-08-23'::date) AND (d_date <= '2000-09-06'::date))
                                                                                                         ->  Index Scan using web_sales_pkey on web_sales web_sales_1  (cost=0.57..6.97 rows=1 width=12)
                                                                                                               Index Cond: ((ws_item_sk = web_returns.wr_item_sk) AND (ws_order_number = web_returns.wr_order_number))
                                                                                                   ->  Index Scan using web_site_pkey on web_site web_site0  (cost=0.14..4.96 rows=1 width=1570)
                                                                                                         Index Cond: (web_site_sk = web_sales_1.ws_web_site_sk)
                                 ->  GroupAggregate  (cost=16497097.98..16497114.98 rows=200 width=88)
                                       Group Key: "*SELECT* 1_4".channel
                                       ->  GroupAggregate  (cost=16497097.98..16497108.98 rows=200 width=88)
                                             Group Key: "*SELECT* 1_4".channel, "*SELECT* 1_4".id
                                             ->  Sort  (cost=16497097.98..16497099.48 rows=600 width=88)
                                                   Sort Key: "*SELECT* 1_4".channel, "*SELECT* 1_4".id
                                                   ->  Result  (cost=8418471.64..16497070.29 rows=600 width=88)
                                                         ->  Append  (cost=8418471.64..16497064.29 rows=600 width=88)
                                                               ->  Subquery Scan on "*SELECT* 1_4"  (cost=8418471.64..8419426.83 rows=200 width=88)
                                                                     ->  GroupAggregate  (cost=8418471.64..8419424.83 rows=200 width=138)
                                                                           Group Key: t33.s_store_id
                                                                           ->  Sort  (cost=8418471.64..8418630.01 rows=63346 width=82)
                                                                                 Sort Key: t33.s_store_id
                                                                                 ->  Subquery Scan on t33  (cost=3130.71..8410384.99 rows=63346 width=82)
                                                                                       ->  Gather  (cost=3130.71..8409751.53 rows=63346 width=2026)
                                                                                             Workers Planned: 2
                                                                                             ->  Parallel Append  (cost=2130.71..8402416.93 rows=63346 width=2026)
                                                                                                   ->  Subquery Scan on "*SELECT* 1_5"  (cost=2130.71..7707724.56 rows=57465 width=427)
                                                                                                         ->  Hash Join  (cost=2130.71..7706862.59 rows=23944 width=419)
                                                                                                               Hash Cond: (store_sales_1.ss_store_sk = store1.s_store_sk)
                                                                                                               ->  Parallel Hash Join  (cost=2105.66..7706771.01 rows=25090 width=144)
                                                                                                                     Hash Cond: (store_sales_1.ss_sold_date_sk = date_dim_6.d_date_sk)
                                                                                                                     ->  Parallel Seq Scan on store_sales store_sales_1  (cost=0.00..7389799.50 rows=119942250 width=24)
                                                                                                                     ->  Parallel Hash  (cost=2105.55..2105.55 rows=9 width=120)
                                                                                                                           ->  Parallel Seq Scan on date_dim date_dim_6  (cost=0.00..2105.55 rows=9 width=120)
                                                                                                                                 Filter: ((d_date >= '2000-08-23'::date) AND (d_date <= '2000-09-06'::date))
                                                                                                               ->  Hash  (cost=20.02..20.02 rows=402 width=267)
                                                                                                                     ->  Seq Scan on store store1  (cost=0.00..20.02 rows=402 width=267)
                                                                                                   ->  Subquery Scan on "*SELECT* 2_7"  (cost=2130.71..694375.64 rows=5881 width=427)
                                                                                                         ->  Hash Join  (cost=2130.71..694287.43 rows=2450 width=419)
                                                                                                               Hash Cond: (store_returns_1.sr_store_sk = store2.s_store_sk)
                                                                                                               ->  Parallel Hash Join  (cost=2105.66..694255.65 rows=2538 width=144)
                                                                                                                     Hash Cond: (store_returns_1.sr_returned_date_sk = date_dim_7.d_date_sk)
                                                                                                                     ->  Parallel Seq Scan on store_returns store_returns_1  (cost=0.00..660660.86 rows=11995186 width=24)
                                                                                                                     ->  Parallel Hash  (cost=2105.55..2105.55 rows=9 width=120)
                                                                                                                           ->  Parallel Seq Scan on date_dim date_dim_7  (cost=0.00..2105.55 rows=9 width=120)
                                                                                                                                 Filter: ((d_date >= '2000-08-23'::date) AND (d_date <= '2000-09-06'::date))
                                                                                                               ->  Hash  (cost=20.02..20.02 rows=402 width=267)
                                                                                                                     ->  Seq Scan on store store2  (cost=0.00..20.02 rows=402 width=267)
                                                               ->  Subquery Scan on "*SELECT* 2_6"  (cost=5382379.46..5382898.74 rows=200 width=88)
                                                                     ->  GroupAggregate  (cost=5382379.46..5382896.74 rows=200 width=138)
                                                                           Group Key: t41.cp_catalog_page_id
                                                                           ->  Sort  (cost=5382379.46..5382465.18 rows=34285 width=82)
                                                                                 Sort Key: t41.cp_catalog_page_id
                                                                                 ->  Subquery Scan on t41  (cost=3105.95..5379796.90 rows=34285 width=82)
                                                                                       ->  Gather  (cost=3105.95..5379454.05 rows=34285 width=918)
                                                                                             Workers Planned: 2
                                                                                             ->  Parallel Append  (cost=2105.95..5375025.55 rows=34285 width=918)
                                                                                                   ->  Subquery Scan on "*SELECT* 1_6"  (cost=3005.66..4980300.18 rows=31191 width=295)
                                                                                                         ->  Hash Join  (cost=3005.66..4979832.31 rows=12996 width=287)
                                                                                                               Hash Cond: (catalog_sales_1.cs_catalog_page_sk = catalog_page1.cp_catalog_page_sk)
                                                                                                               ->  Parallel Hash Join  (cost=2105.66..4978898.00 rows=13066 width=144)
                                                                                                                     Hash Cond: (catalog_sales_1.cs_sold_date_sk = date_dim_8.d_date_sk)
                                                                                                                     ->  Parallel Seq Scan on catalog_sales catalog_sales_1  (cost=0.00..4819292.97 rows=59996297 width=24)
                                                                                                                     ->  Parallel Hash  (cost=2105.55..2105.55 rows=9 width=120)
                                                                                                                           ->  Parallel Seq Scan on date_dim date_dim_8  (cost=0.00..2105.55 rows=9 width=120)
                                                                                                                                 Filter: ((d_date >= '2000-08-23'::date) AND (d_date <= '2000-09-06'::date))
                                                                                                               ->  Hash  (cost=645.00..645.00 rows=20400 width=135)
                                                                                                                     ->  Seq Scan on catalog_page catalog_page1  (cost=0.00..645.00 rows=20400 width=135)
                                                                                                   ->  Subquery Scan on "*SELECT* 2_8"  (cost=2105.95..394553.94 rows=3094 width=295)
                                                                                                         ->  Nested Loop  (cost=2105.95..394507.53 rows=1289 width=287)
                                                                                                               ->  Parallel Hash Join  (cost=2105.66..394106.58 rows=1314 width=144)
                                                                                                                     Hash Cond: (catalog_returns_1.cr_returned_date_sk = date_dim_9.d_date_sk)
                                                                                                                     ->  Parallel Seq Scan on catalog_returns catalog_returns_1  (cost=0.00..376254.79 rows=5998179 width=24)
                                                                                                                     ->  Parallel Hash  (cost=2105.55..2105.55 rows=9 width=120)
                                                                                                                           ->  Parallel Seq Scan on date_dim date_dim_9  (cost=0.00..2105.55 rows=9 width=120)
                                                                                                                                 Filter: ((d_date >= '2000-08-23'::date) AND (d_date <= '2000-09-06'::date))
                                                                                                               ->  Index Scan using catalog_page_pkey on catalog_page catalog_page2  (cost=0.29..0.31 rows=1 width=135)
                                                                                                                     Index Cond: (cp_catalog_page_sk = catalog_returns_1.cr_catalog_page_sk)
                                                               ->  Subquery Scan on "*SELECT* 2_5"  (cost=2694494.32..2694735.72 rows=200 width=88)
                                                                     ->  GroupAggregate  (cost=2694494.32..2694733.72 rows=200 width=138)
                                                                           Group Key: t52.web_site_id
                                                                           ->  Sort  (cost=2694494.32..2694533.72 rows=15760 width=82)
                                                                                 Sort Key: t52.web_site_id
                                                                                 ->  Subquery Scan on t52  (cost=3106.37..2693395.54 rows=15760 width=82)
                                                                                       ->  Gather  (cost=3106.37..2693237.94 rows=15760 width=1860)
                                                                                             Workers Planned: 2
                                                                                             ->  Parallel Append  (cost=2106.37..2690661.94 rows=15760 width=1860)
                                                                                                   ->  Subquery Scan on "*SELECT* 1_7"  (cost=2116.79..2498355.81 rows=15759 width=1730)
                                                                                                         ->  Hash Join  (cost=2116.79..2498119.42 rows=6566 width=1722)
                                                                                                               Hash Cond: (web_sales_2.ws_web_site_sk = web_site1.web_site_sk)
                                                                                                               ->  Parallel Hash Join  (cost=2105.66..2498089.60 rows=6568 width=144)
                                                                                                                     Hash Cond: (web_sales_2.ws_sold_date_sk = date_dim_10.d_date_sk)
                                                                                                                     ->  Parallel Seq Scan on web_sales web_sales_2  (cost=0.00..2417251.13 rows=29991713 width=24)
                                                                                                                     ->  Parallel Hash  (cost=2105.55..2105.55 rows=9 width=120)
                                                                                                                           ->  Parallel Seq Scan on date_dim date_dim_10  (cost=0.00..2105.55 rows=9 width=120)
                                                                                                                                 Filter: ((d_date >= '2000-08-23'::date) AND (d_date <= '2000-09-06'::date))
                                                                                                               ->  Hash  (cost=10.50..10.50 rows=50 width=1570)
                                                                                                                     ->  Seq Scan on web_site web_site1  (cost=0.00..10.50 rows=50 width=1570)
                                                                                                   ->  Subquery Scan on "*SELECT* 2_9"  (cost=2106.37..192227.33 rows=1 width=1730)
                                                                                                         ->  Nested Loop  (cost=2106.37..192227.32 rows=1 width=1722)
                                                                                                               ->  Nested Loop  (cost=2106.23..192222.17 rows=1 width=144)
                                                                                                                     ->  Parallel Hash Join  (cost=2105.66..187844.77 rows=628 width=148)
                                                                                                                           Hash Cond: (web_returns_1.wr_returned_date_sk = date_dim_11.d_date_sk)
                                                                                                                           ->  Parallel Seq Scan on web_returns web_returns_1  (cost=0.00..177866.24 rows=2999024 width=28)
                                                                                                                           ->  Parallel Hash  (cost=2105.55..2105.55 rows=9 width=120)
                                                                                                                                 ->  Parallel Seq Scan on date_dim date_dim_11  (cost=0.00..2105.55 rows=9 width=120)
                                                                                                                                       Filter: ((d_date >= '2000-08-23'::date) AND (d_date <= '2000-09-06'::date))
                                                                                                                     ->  Index Scan using web_sales_pkey on web_sales web_sales_3  (cost=0.57..6.97 rows=1 width=12)
                                                                                                                           Index Cond: ((ws_item_sk = web_returns_1.wr_item_sk) AND (ws_order_number = web_returns_1.wr_order_number))
                                                                                                               ->  Index Scan using web_site_pkey on web_site web_site2  (cost=0.14..4.96 rows=1 width=1570)
                                                                                                                     Index Cond: (web_site_sk = web_sales_3.ws_web_site_sk)
                     ->  Aggregate  (cost=16497112.48..16497112.49 rows=1 width=88)
                           ->  GroupAggregate  (cost=16497097.98..16497108.98 rows=200 width=88)
                                 Group Key: "*SELECT* 1_8".channel, "*SELECT* 1_8".id
                                 ->  Sort  (cost=16497097.98..16497099.48 rows=600 width=88)
                                       Sort Key: "*SELECT* 1_8".channel, "*SELECT* 1_8".id
                                       ->  Result  (cost=8418471.64..16497070.29 rows=600 width=88)
                                             ->  Append  (cost=8418471.64..16497064.29 rows=600 width=88)
                                                   ->  Subquery Scan on "*SELECT* 1_8"  (cost=8418471.64..8419426.83 rows=200 width=88)
                                                         ->  GroupAggregate  (cost=8418471.64..8419424.83 rows=200 width=138)
                                                               Group Key: t66.s_store_id
                                                               ->  Sort  (cost=8418471.64..8418630.01 rows=63346 width=82)
                                                                     Sort Key: t66.s_store_id
                                                                     ->  Subquery Scan on t66  (cost=3130.71..8410384.99 rows=63346 width=82)
                                                                           ->  Gather  (cost=3130.71..8409751.53 rows=63346 width=2026)
                                                                                 Workers Planned: 2
                                                                                 ->  Parallel Append  (cost=2130.71..8402416.93 rows=63346 width=2026)
                                                                                       ->  Subquery Scan on "*SELECT* 1_9"  (cost=2130.71..7707724.56 rows=57465 width=427)
                                                                                             ->  Hash Join  (cost=2130.71..7706862.59 rows=23944 width=419)
                                                                                                   Hash Cond: (store_sales_2.ss_store_sk = store3.s_store_sk)
                                                                                                   ->  Parallel Hash Join  (cost=2105.66..7706771.01 rows=25090 width=144)
                                                                                                         Hash Cond: (store_sales_2.ss_sold_date_sk = date_dim_12.d_date_sk)
                                                                                                         ->  Parallel Seq Scan on store_sales store_sales_2  (cost=0.00..7389799.50 rows=119942250 width=24)
                                                                                                         ->  Parallel Hash  (cost=2105.55..2105.55 rows=9 width=120)
                                                                                                               ->  Parallel Seq Scan on date_dim date_dim_12  (cost=0.00..2105.55 rows=9 width=120)
                                                                                                                     Filter: ((d_date >= '2000-08-23'::date) AND (d_date <= '2000-09-06'::date))
                                                                                                   ->  Hash  (cost=20.02..20.02 rows=402 width=267)
                                                                                                         ->  Seq Scan on store store3  (cost=0.00..20.02 rows=402 width=267)
                                                                                       ->  Subquery Scan on "*SELECT* 2_12"  (cost=2130.71..694375.64 rows=5881 width=427)
                                                                                             ->  Hash Join  (cost=2130.71..694287.43 rows=2450 width=419)
                                                                                                   Hash Cond: (store_returns_2.sr_store_sk = store4.s_store_sk)
                                                                                                   ->  Parallel Hash Join  (cost=2105.66..694255.65 rows=2538 width=144)
                                                                                                         Hash Cond: (store_returns_2.sr_returned_date_sk = date_dim_13.d_date_sk)
                                                                                                         ->  Parallel Seq Scan on store_returns store_returns_2  (cost=0.00..660660.86 rows=11995186 width=24)
                                                                                                         ->  Parallel Hash  (cost=2105.55..2105.55 rows=9 width=120)
                                                                                                               ->  Parallel Seq Scan on date_dim date_dim_13  (cost=0.00..2105.55 rows=9 width=120)
                                                                                                                     Filter: ((d_date >= '2000-08-23'::date) AND (d_date <= '2000-09-06'::date))
                                                                                                   ->  Hash  (cost=20.02..20.02 rows=402 width=267)
                                                                                                         ->  Seq Scan on store store4  (cost=0.00..20.02 rows=402 width=267)
                                                   ->  Subquery Scan on "*SELECT* 2_11"  (cost=5382379.46..5382898.74 rows=200 width=88)
                                                         ->  GroupAggregate  (cost=5382379.46..5382896.74 rows=200 width=138)
                                                               Group Key: t74.cp_catalog_page_id
                                                               ->  Sort  (cost=5382379.46..5382465.18 rows=34285 width=82)
                                                                     Sort Key: t74.cp_catalog_page_id
                                                                     ->  Subquery Scan on t74  (cost=3105.95..5379796.90 rows=34285 width=82)
                                                                           ->  Gather  (cost=3105.95..5379454.05 rows=34285 width=918)
                                                                                 Workers Planned: 2
                                                                                 ->  Parallel Append  (cost=2105.95..5375025.55 rows=34285 width=918)
                                                                                       ->  Subquery Scan on "*SELECT* 1_10"  (cost=3005.66..4980300.18 rows=31191 width=295)
                                                                                             ->  Hash Join  (cost=3005.66..4979832.31 rows=12996 width=287)
                                                                                                   Hash Cond: (catalog_sales_2.cs_catalog_page_sk = catalog_page3.cp_catalog_page_sk)
                                                                                                   ->  Parallel Hash Join  (cost=2105.66..4978898.00 rows=13066 width=144)
                                                                                                         Hash Cond: (catalog_sales_2.cs_sold_date_sk = date_dim_14.d_date_sk)
                                                                                                         ->  Parallel Seq Scan on catalog_sales catalog_sales_2  (cost=0.00..4819292.97 rows=59996297 width=24)
                                                                                                         ->  Parallel Hash  (cost=2105.55..2105.55 rows=9 width=120)
                                                                                                               ->  Parallel Seq Scan on date_dim date_dim_14  (cost=0.00..2105.55 rows=9 width=120)
                                                                                                                     Filter: ((d_date >= '2000-08-23'::date) AND (d_date <= '2000-09-06'::date))
                                                                                                   ->  Hash  (cost=645.00..645.00 rows=20400 width=135)
                                                                                                         ->  Seq Scan on catalog_page catalog_page3  (cost=0.00..645.00 rows=20400 width=135)
                                                                                       ->  Subquery Scan on "*SELECT* 2_13"  (cost=2105.95..394553.94 rows=3094 width=295)
                                                                                             ->  Nested Loop  (cost=2105.95..394507.53 rows=1289 width=287)
                                                                                                   ->  Parallel Hash Join  (cost=2105.66..394106.58 rows=1314 width=144)
                                                                                                         Hash Cond: (catalog_returns_2.cr_returned_date_sk = date_dim_15.d_date_sk)
                                                                                                         ->  Parallel Seq Scan on catalog_returns catalog_returns_2  (cost=0.00..376254.79 rows=5998179 width=24)
                                                                                                         ->  Parallel Hash  (cost=2105.55..2105.55 rows=9 width=120)
                                                                                                               ->  Parallel Seq Scan on date_dim date_dim_15  (cost=0.00..2105.55 rows=9 width=120)
                                                                                                                     Filter: ((d_date >= '2000-08-23'::date) AND (d_date <= '2000-09-06'::date))
                                                                                                   ->  Index Scan using catalog_page_pkey on catalog_page catalog_page4  (cost=0.29..0.31 rows=1 width=135)
                                                                                                         Index Cond: (cp_catalog_page_sk = catalog_returns_2.cr_catalog_page_sk)
                                                   ->  Subquery Scan on "*SELECT* 2_10"  (cost=2694494.32..2694735.72 rows=200 width=88)
                                                         ->  GroupAggregate  (cost=2694494.32..2694733.72 rows=200 width=138)
                                                               Group Key: t85.web_site_id
                                                               ->  Sort  (cost=2694494.32..2694533.72 rows=15760 width=82)
                                                                     Sort Key: t85.web_site_id
                                                                     ->  Subquery Scan on t85  (cost=3106.37..2693395.54 rows=15760 width=82)
                                                                           ->  Gather  (cost=3106.37..2693237.94 rows=15760 width=1860)
                                                                                 Workers Planned: 2
                                                                                 ->  Parallel Append  (cost=2106.37..2690661.94 rows=15760 width=1860)
                                                                                       ->  Subquery Scan on "*SELECT* 1_11"  (cost=2116.79..2498355.81 rows=15759 width=1730)
                                                                                             ->  Hash Join  (cost=2116.79..2498119.42 rows=6566 width=1722)
                                                                                                   Hash Cond: (web_sales_4.ws_web_site_sk = web_site3.web_site_sk)
                                                                                                   ->  Parallel Hash Join  (cost=2105.66..2498089.60 rows=6568 width=144)
                                                                                                         Hash Cond: (web_sales_4.ws_sold_date_sk = date_dim_16.d_date_sk)
                                                                                                         ->  Parallel Seq Scan on web_sales web_sales_4  (cost=0.00..2417251.13 rows=29991713 width=24)
                                                                                                         ->  Parallel Hash  (cost=2105.55..2105.55 rows=9 width=120)
                                                                                                               ->  Parallel Seq Scan on date_dim date_dim_16  (cost=0.00..2105.55 rows=9 width=120)
                                                                                                                     Filter: ((d_date >= '2000-08-23'::date) AND (d_date <= '2000-09-06'::date))
                                                                                                   ->  Hash  (cost=10.50..10.50 rows=50 width=1570)
                                                                                                         ->  Seq Scan on web_site web_site3  (cost=0.00..10.50 rows=50 width=1570)
                                                                                       ->  Subquery Scan on "*SELECT* 2_14"  (cost=2106.37..192227.33 rows=1 width=1730)
                                                                                             ->  Nested Loop  (cost=2106.37..192227.32 rows=1 width=1722)
                                                                                                   ->  Nested Loop  (cost=2106.23..192222.17 rows=1 width=144)
                                                                                                         ->  Parallel Hash Join  (cost=2105.66..187844.77 rows=628 width=148)
                                                                                                               Hash Cond: (web_returns_2.wr_returned_date_sk = date_dim_17.d_date_sk)
                                                                                                               ->  Parallel Seq Scan on web_returns web_returns_2  (cost=0.00..177866.24 rows=2999024 width=28)
                                                                                                               ->  Parallel Hash  (cost=2105.55..2105.55 rows=9 width=120)
                                                                                                                     ->  Parallel Seq Scan on date_dim date_dim_17  (cost=0.00..2105.55 rows=9 width=120)
                                                                                                                           Filter: ((d_date >= '2000-08-23'::date) AND (d_date <= '2000-09-06'::date))
                                                                                                         ->  Index Scan using web_sales_pkey on web_sales web_sales_5  (cost=0.57..6.97 rows=1 width=12)
                                                                                                               Index Cond: ((ws_item_sk = web_returns_2.wr_item_sk) AND (ws_order_number = web_returns_2.wr_order_number))
                                                                                                   ->  Index Scan using web_site_pkey on web_site web_site4  (cost=0.14..4.96 rows=1 width=1570)
                                                                                                         Index Cond: (web_site_sk = web_sales_5.ws_web_site_sk)
 JIT:
   Functions: 444
   Options: Inlining true, Optimization true, Expressions true, Deforming true
(314 rows)

