                                                                                                      QUERY PLAN                                                                                                       
-----------------------------------------------------------------------------------------------------------------------------------------------------------------------------------------------------------------------
 Limit  (cost=7484993.65..7485167.21 rows=100 width=672)
   ->  GroupAggregate  (cost=7484993.65..7485493.50 rows=288 width=672)
         Group Key: warehouse.w_warehouse_name, warehouse.w_warehouse_sq_ft, warehouse.w_city, warehouse.w_county, warehouse.w_state, warehouse.w_country, ('DHL,BARIAN'::text), date_dim.d_year
         ->  Sort  (cost=7484993.65..7485000.85 rows=2881 width=576)
               Sort Key: warehouse.w_warehouse_name NULLS FIRST, warehouse.w_warehouse_sq_ft, warehouse.w_city, warehouse.w_county, warehouse.w_state, warehouse.w_country, ('DHL,BARIAN'::text), date_dim.d_year
               ->  Append  (cost=2501362.37..7484828.10 rows=2881 width=576)
                     ->  Finalize GroupAggregate  (cost=2501362.37..2501635.22 rows=973 width=576)
                           Group Key: warehouse.w_warehouse_name, warehouse.w_warehouse_sq_ft, warehouse.w_city, warehouse.w_county, warehouse.w_state, warehouse.w_country, date_dim.d_year
                           ->  Gather Merge  (cost=2501362.37..2501581.16 rows=572 width=544)
                                 Workers Planned: 1
                                 ->  Partial GroupAggregate  (cost=2500362.36..2500516.80 rows=572 width=544)
                                       Group Key: warehouse.w_warehouse_name, warehouse.w_warehouse_sq_ft, warehouse.w_city, warehouse.w_county, warehouse.w_state, warehouse.w_country, date_dim.d_year
                                       ->  Sort  (cost=2500362.36..2500363.79 rows=572 width=376)
                                             Sort Key: warehouse.w_warehouse_name, warehouse.w_warehouse_sq_ft, warehouse.w_city, warehouse.w_county, warehouse.w_state, warehouse.w_country
                                             ->  Hash Join  (cost=2498424.15..2500336.16 rows=572 width=376)
                                                   Hash Cond: (web_sales.ws_warehouse_sk = warehouse.w_warehouse_sk)
                                                   ->  Parallel Hash Join  (cost=2498411.67..2500322.13 rows=573 width=32)
                                                         Hash Cond: (time_dim.t_time_sk = web_sales.ws_sold_time_sk)
                                                         ->  Parallel Seq Scan on time_dim  (cost=0.00..1843.35 rows=17256 width=4)
                                                               Filter: ((t_time >= 30838) AND (t_time <= 59638))
                                                         ->  Parallel Hash  (cost=2498396.74..2498396.74 rows=1195 width=36)
                                                               ->  Hash Join  (cost=2013.95..2498396.74 rows=1195 width=36)
                                                                     Hash Cond: (web_sales.ws_ship_mode_sk = ship_mode.sm_ship_mode_sk)
                                                                     ->  Parallel Hash Join  (cost=2000.80..2497984.74 rows=149408 width=40)
                                                                           Hash Cond: (web_sales.ws_sold_date_sk = date_dim.d_date_sk)
                                                                           ->  Parallel Seq Scan on web_sales  (cost=0.00..2417251.13 rows=29991713 width=36)
                                                                           ->  Parallel Hash  (cost=1998.12..1998.12 rows=214 width=12)
                                                                                 ->  Parallel Seq Scan on date_dim  (cost=0.00..1998.12 rows=214 width=12)
                                                                                       Filter: (d_year = 2001)
                                                                     ->  Hash  (cost=13.12..13.12 rows=2 width=4)
                                                                           ->  Seq Scan on ship_mode  (cost=0.00..13.12 rows=2 width=4)
                                                                                 Filter: ((sm_carrier)::text = ANY ('{BARIAN,DHL}'::text[]))
                                                   ->  Hash  (cost=11.10..11.10 rows=110 width=352)
                                                         ->  Seq Scan on warehouse  (cost=0.00..11.10 rows=110 width=352)
                     ->  Finalize GroupAggregate  (cost=4982614.47..4983149.67 rows=1908 width=576)
                           Group Key: warehouse_1.w_warehouse_name, warehouse_1.w_warehouse_sq_ft, warehouse_1.w_city, warehouse_1.w_county, warehouse_1.w_state, warehouse_1.w_country, date_dim_1.d_year
                           ->  Gather Merge  (cost=4982614.47..4983043.63 rows=1122 width=544)
                                 Workers Planned: 1
                                 ->  Partial GroupAggregate  (cost=4981614.46..4981917.40 rows=1122 width=544)
                                       Group Key: warehouse_1.w_warehouse_name, warehouse_1.w_warehouse_sq_ft, warehouse_1.w_city, warehouse_1.w_county, warehouse_1.w_state, warehouse_1.w_country, date_dim_1.d_year
                                       ->  Sort  (cost=4981614.46..4981617.26 rows=1122 width=376)
                                             Sort Key: warehouse_1.w_warehouse_name, warehouse_1.w_warehouse_sq_ft, warehouse_1.w_city, warehouse_1.w_county, warehouse_1.w_state, warehouse_1.w_country
                                             ->  Hash Join  (cost=4979641.78..4981557.62 rows=1122 width=376)
                                                   Hash Cond: (catalog_sales.cs_warehouse_sk = warehouse_1.w_warehouse_sk)
                                                   ->  Parallel Hash Join  (cost=4979629.31..4981542.07 rows=1128 width=32)
                                                         Hash Cond: (time_dim_1.t_time_sk = catalog_sales.cs_sold_time_sk)
                                                         ->  Parallel Seq Scan on time_dim time_dim_1  (cost=0.00..1843.35 rows=17256 width=4)
                                                               Filter: ((t_time >= 30838) AND (t_time <= 59638))
                                                         ->  Parallel Hash  (cost=4979599.74..4979599.74 rows=2365 width=36)
                                                               ->  Hash Join  (cost=2013.95..4979599.74 rows=2365 width=36)
                                                                     Hash Cond: (catalog_sales.cs_ship_mode_sk = ship_mode_1.sm_ship_mode_sk)
                                                                     ->  Parallel Hash Join  (cost=2000.80..4978793.14 rows=297255 width=40)
                                                                           Hash Cond: (catalog_sales.cs_sold_date_sk = date_dim_1.d_date_sk)
                                                                           ->  Parallel Seq Scan on catalog_sales  (cost=0.00..4819292.97 rows=59996297 width=36)
                                                                           ->  Parallel Hash  (cost=1998.12..1998.12 rows=214 width=12)
                                                                                 ->  Parallel Seq Scan on date_dim date_dim_1  (cost=0.00..1998.12 rows=214 width=12)
                                                                                       Filter: (d_year = 2001)
                                                                     ->  Hash  (cost=13.12..13.12 rows=2 width=4)
                                                                           ->  Seq Scan on ship_mode ship_mode_1  (cost=0.00..13.12 rows=2 width=4)
                                                                                 Filter: ((sm_carrier)::text = ANY ('{BARIAN,DHL}'::text[]))
                                                   ->  Hash  (cost=11.10..11.10 rows=110 width=352)
                                                         ->  Seq Scan on warehouse warehouse_1  (cost=0.00..11.10 rows=110 width=352)
 JIT:
   Functions: 102
   Options: Inlining true, Optimization true, Expressions true, Deforming true
(65 rows)

