                                                                                                                                                                            QUERY PLAN                                                                                                                                                                             
-------------------------------------------------------------------------------------------------------------------------------------------------------------------------------------------------------------------------------------------------------------------------------------------------------------------------------------------------------------------
 Limit  (cost=49439896.22..49439896.47 rows=100 width=60)
   ->  Sort  (cost=49439896.22..49439902.35 rows=2453 width=60)
         Sort Key: ('store channel'::text) NULLS FIRST, store.s_store_sk NULLS FIRST
         ->  HashAggregate  (cost=49439753.41..49439777.94 rows=2453 width=60)
               Group Key: ('store channel'::text), store.s_store_sk, (sum((sum(store_sales.ss_ext_sales_price)))), (sum((CASE WHEN (t16.returns_ IS NOT NULL) THEN t16."CAST" ELSE '0'::double precision END))), (sum((((sum(store_sales.ss_net_profit)) - CASE WHEN (t16.profit_loss IS NOT NULL) THEN t16."CAST4" ELSE '0'::double precision END))))
               ->  Append  (cost=32959694.76..49439722.75 rows=2453 width=60)
                     ->  HashAggregate  (cost=32959694.76..32959719.28 rows=2452 width=60)
                           Group Key: ('store channel'::text), store.s_store_sk, (sum((sum(store_sales.ss_ext_sales_price)))), (sum((CASE WHEN (t16.returns_ IS NOT NULL) THEN t16."CAST" ELSE '0'::double precision END))), (sum((((sum(store_sales.ss_net_profit)) - CASE WHEN (t16.profit_loss IS NOT NULL) THEN t16."CAST4" ELSE '0'::double precision END))))
                           ->  Append  (cost=16479317.31..32959664.11 rows=2452 width=60)
                                 ->  GroupAggregate  (cost=16479317.31..16479677.57 rows=2252 width=60)
                                       Group Key: ('store channel'::text), store.s_store_sk
                                       ->  Sort  (cost=16479317.31..16479373.60 rows=22516 width=60)
                                             Sort Key: ('store channel'::text), store.s_store_sk
                                             ->  Append  (cost=8407861.14..16477689.55 rows=22516 width=60)
                                                   ->  Hash Left Join  (cost=8407861.14..8409121.91 rows=808 width=60)
                                                         Hash Cond: (store.s_store_sk = t16.s_store_sk)
                                                         ->  Finalize GroupAggregate  (cost=7711994.52..7713248.18 rows=402 width=20)
                                                               Group Key: store.s_store_sk
                                                               ->  Gather Merge  (cost=7711994.52..7713238.13 rows=804 width=20)
                                                                     Workers Planned: 2
                                                                     ->  Partial GroupAggregate  (cost=7710994.50..7712145.30 rows=402 width=20)
                                                                           Group Key: store.s_store_sk
                                                                           ->  Merge Join  (cost=7710994.50..7711759.67 rows=50881 width=20)
                                                                                 Merge Cond: (store_sales.ss_store_sk = store.s_store_sk)
                                                                                 ->  Sort  (cost=7710957.06..7711090.35 rows=53316 width=20)
                                                                                       Sort Key: store_sales.ss_store_sk
                                                                                       ->  Parallel Hash Join  (cost=2105.80..7706771.15 rows=53316 width=20)
                                                                                             Hash Cond: (store_sales.ss_sold_date_sk = date_dim.d_date_sk)
                                                                                             ->  Parallel Seq Scan on store_sales  (cost=0.00..7389799.50 rows=119942250 width=24)
                                                                                             ->  Parallel Hash  (cost=2105.55..2105.55 rows=20 width=4)
                                                                                                   ->  Parallel Seq Scan on date_dim  (cost=0.00..2105.55 rows=20 width=4)
                                                                                                         Filter: ((d_date >= '2000-08-23'::date) AND (d_date <= '2000-09-22'::date))
                                                                                 ->  Sort  (cost=37.41..38.41 rows=402 width=4)
                                                                                       Sort Key: store.s_store_sk
                                                                                       ->  Seq Scan on store  (cost=0.00..20.02 rows=402 width=4)
                                                         ->  Hash  (cost=695861.59..695861.59 rows=402 width=36)
                                                               ->  Subquery Scan on t16  (cost=695627.50..695861.59 rows=402 width=36)
                                                                     ->  Finalize GroupAggregate  (cost=695627.50..695857.57 rows=402 width=36)
                                                                           Group Key: store_1.s_store_sk
                                                                           ->  Gather Merge  (cost=695627.50..695843.50 rows=804 width=20)
                                                                                 Workers Planned: 2
                                                                                 ->  Partial GroupAggregate  (cost=694627.48..694750.68 rows=402 width=20)
                                                                                       Group Key: store_1.s_store_sk
                                                                                       ->  Merge Join  (cost=694627.48..694707.60 rows=5208 width=20)
                                                                                             Merge Cond: (store_returns.sr_store_sk = store_1.s_store_sk)
                                                                                             ->  Sort  (cost=694590.07..694603.55 rows=5393 width=20)
                                                                                                   Sort Key: store_returns.sr_store_sk
                                                                                                   ->  Parallel Hash Join  (cost=2105.80..694255.79 rows=5393 width=20)
                                                                                                         Hash Cond: (store_returns.sr_returned_date_sk = date_dim_1.d_date_sk)
                                                                                                         ->  Parallel Seq Scan on store_returns  (cost=0.00..660660.86 rows=11995186 width=24)
                                                                                                         ->  Parallel Hash  (cost=2105.55..2105.55 rows=20 width=4)
                                                                                                               ->  Parallel Seq Scan on date_dim date_dim_1  (cost=0.00..2105.55 rows=20 width=4)
                                                                                                                     Filter: ((d_date >= '2000-08-23'::date) AND (d_date <= '2000-09-22'::date))
                                                                                             ->  Sort  (cost=37.41..38.41 rows=402 width=4)
                                                                                                   Sort Key: store_1.s_store_sk
                                                                                                   ->  Seq Scan on store store_1  (cost=0.00..20.02 rows=402 width=4)
                                                   ->  Nested Loop  (cost=5377213.90..5377549.60 rows=900 width=60)
                                                         ->  Finalize GroupAggregate  (cost=4981947.36..4982232.98 rows=30 width=20)
                                                               Group Key: catalog_sales.cs_call_center_sk
                                                               ->  Gather Merge  (cost=4981947.36..4982232.23 rows=60 width=20)
                                                                     Workers Planned: 2
                                                                     ->  Partial GroupAggregate  (cost=4980947.33..4981225.28 rows=30 width=20)
                                                                           Group Key: catalog_sales.cs_call_center_sk
                                                                           ->  Sort  (cost=4980947.33..4981016.75 rows=27765 width=20)
                                                                                 Sort Key: catalog_sales.cs_call_center_sk
                                                                                 ->  Parallel Hash Join  (cost=2105.80..4978898.14 rows=27765 width=20)
                                                                                       Hash Cond: (catalog_sales.cs_sold_date_sk = date_dim_2.d_date_sk)
                                                                                       ->  Parallel Seq Scan on catalog_sales  (cost=0.00..4819292.97 rows=59996297 width=24)
                                                                                       ->  Parallel Hash  (cost=2105.55..2105.55 rows=20 width=4)
                                                                                             ->  Parallel Seq Scan on date_dim date_dim_2  (cost=0.00..2105.55 rows=20 width=4)
                                                                                                   Filter: ((d_date >= '2000-08-23'::date) AND (d_date <= '2000-09-22'::date))
                                                         ->  Materialize  (cost=395266.54..395302.89 rows=30 width=16)
                                                               ->  Subquery Scan on t31  (cost=395266.54..395302.74 rows=30 width=16)
                                                                     ->  Finalize GroupAggregate  (cost=395266.54..395302.44 rows=30 width=20)
                                                                           Group Key: catalog_returns.cr_call_center_sk
                                                                           ->  Gather Merge  (cost=395266.54..395301.69 rows=60 width=20)
                                                                                 Workers Planned: 2
                                                                                 ->  Partial GroupAggregate  (cost=394266.52..394294.74 rows=30 width=20)
                                                                                       Group Key: catalog_returns.cr_call_center_sk
                                                                                       ->  Sort  (cost=394266.52..394273.50 rows=2792 width=20)
                                                                                             Sort Key: catalog_returns.cr_call_center_sk
                                                                                             ->  Parallel Hash Join  (cost=2105.80..394106.72 rows=2792 width=20)
                                                                                                   Hash Cond: (catalog_returns.cr_returned_date_sk = date_dim_3.d_date_sk)
                                                                                                   ->  Parallel Seq Scan on catalog_returns  (cost=0.00..376254.79 rows=5998179 width=24)
                                                                                                   ->  Parallel Hash  (cost=2105.55..2105.55 rows=20 width=4)
                                                                                                         ->  Parallel Seq Scan on date_dim date_dim_3  (cost=0.00..2105.55 rows=20 width=4)
                                                                                                               Filter: ((d_date >= '2000-08-23'::date) AND (d_date <= '2000-09-22'::date))
                                                   ->  Hash Left Join  (cost=2689735.95..2690680.30 rows=20808 width=60)
                                                         Hash Cond: (web_page.wp_web_page_sk = t51.wp_web_page_sk)
                                                         ->  Finalize GroupAggregate  (cost=2500214.08..2501080.55 rows=2040 width=20)
                                                               Group Key: web_page.wp_web_page_sk
                                                               ->  Gather Merge  (cost=2500214.08..2501029.55 rows=4080 width=20)
                                                                     Workers Planned: 2
                                                                     ->  Partial GroupAggregate  (cost=2499214.06..2499558.59 rows=2040 width=20)
                                                                           Group Key: web_page.wp_web_page_sk
                                                                           ->  Merge Join  (cost=2499214.06..2499433.54 rows=13953 width=20)
                                                                                 Merge Cond: (web_sales.ws_web_page_sk = web_page.wp_web_page_sk)
                                                                                 ->  Sort  (cost=2499050.51..2499085.40 rows=13956 width=20)
                                                                                       Sort Key: web_sales.ws_web_page_sk
                                                                                       ->  Parallel Hash Join  (cost=2105.80..2498089.74 rows=13956 width=20)
                                                                                             Hash Cond: (web_sales.ws_sold_date_sk = date_dim_4.d_date_sk)
                                                                                             ->  Parallel Seq Scan on web_sales  (cost=0.00..2417251.13 rows=29991713 width=24)
                                                                                             ->  Parallel Hash  (cost=2105.55..2105.55 rows=20 width=4)
                                                                                                   ->  Parallel Seq Scan on date_dim date_dim_4  (cost=0.00..2105.55 rows=20 width=4)
                                                                                                         Filter: ((d_date >= '2000-08-23'::date) AND (d_date <= '2000-09-22'::date))
                                                                                 ->  Sort  (cost=163.54..168.64 rows=2040 width=4)
                                                                                       Sort Key: web_page.wp_web_page_sk
                                                                                       ->  Seq Scan on web_page  (cost=0.00..51.40 rows=2040 width=4)
                                                         ->  Hash  (cost=189496.37..189496.37 rows=2040 width=36)
                                                               ->  Subquery Scan on t51  (cost=189077.72..189496.37 rows=2040 width=36)
                                                                     ->  Finalize GroupAggregate  (cost=189077.72..189475.97 rows=2040 width=36)
                                                                           Group Key: web_page_1.wp_web_page_sk
                                                                           ->  Gather Merge  (cost=189077.72..189423.70 rows=2550 width=20)
                                                                                 Workers Planned: 2
                                                                                 ->  Partial GroupAggregate  (cost=188077.70..188129.34 rows=1275 width=20)
                                                                                       Group Key: web_page_1.wp_web_page_sk
                                                                                       ->  Merge Join  (cost=188077.70..188107.03 rows=1275 width=20)
                                                                                             Merge Cond: (web_returns.wr_web_page_sk = web_page_1.wp_web_page_sk)
                                                                                             ->  Sort  (cost=187914.15..187917.49 rows=1334 width=20)
                                                                                                   Sort Key: web_returns.wr_web_page_sk
                                                                                                   ->  Parallel Hash Join  (cost=2105.80..187844.91 rows=1334 width=20)
                                                                                                         Hash Cond: (web_returns.wr_returned_date_sk = date_dim_5.d_date_sk)
                                                                                                         ->  Parallel Seq Scan on web_returns  (cost=0.00..177866.24 rows=2999024 width=24)
                                                                                                         ->  Parallel Hash  (cost=2105.55..2105.55 rows=20 width=4)
                                                                                                               ->  Parallel Seq Scan on date_dim date_dim_5  (cost=0.00..2105.55 rows=20 width=4)
                                                                                                                     Filter: ((d_date >= '2000-08-23'::date) AND (d_date <= '2000-09-22'::date))
                                                                                             ->  Sort  (cost=163.54..168.64 rows=2040 width=4)
                                                                                                   Sort Key: web_page_1.wp_web_page_sk
                                                                                                   ->  Seq Scan on web_page web_page_1  (cost=0.00..51.40 rows=2040 width=4)
                                 ->  GroupAggregate  (cost=16479542.47..16479949.77 rows=200 width=60)
                                       Group Key: "*SELECT* 1".channel
                                       ->  GroupAggregate  (cost=16479542.47..16479902.73 rows=2252 width=60)
                                             Group Key: "*SELECT* 1".channel, "*SELECT* 1".id
                                             ->  Sort  (cost=16479542.47..16479598.76 rows=22516 width=60)
                                                   Sort Key: "*SELECT* 1".channel, "*SELECT* 1".id
                                                   ->  Result  (cost=8407861.14..16477914.71 rows=22516 width=60)
                                                         ->  Append  (cost=8407861.14..16477689.55 rows=22516 width=60)
                                                               ->  Subquery Scan on "*SELECT* 1"  (cost=8407861.14..8409129.99 rows=808 width=60)
                                                                     ->  Hash Left Join  (cost=8407861.14..8409121.91 rows=808 width=60)
                                                                           Hash Cond: (store_2.s_store_sk = t73.s_store_sk)
                                                                           ->  Finalize GroupAggregate  (cost=7711994.52..7713248.18 rows=402 width=20)
                                                                                 Group Key: store_2.s_store_sk
                                                                                 ->  Gather Merge  (cost=7711994.52..7713238.13 rows=804 width=20)
                                                                                       Workers Planned: 2
                                                                                       ->  Partial GroupAggregate  (cost=7710994.50..7712145.30 rows=402 width=20)
                                                                                             Group Key: store_2.s_store_sk
                                                                                             ->  Merge Join  (cost=7710994.50..7711759.67 rows=50881 width=20)
                                                                                                   Merge Cond: (store_sales_1.ss_store_sk = store_2.s_store_sk)
                                                                                                   ->  Sort  (cost=7710957.06..7711090.35 rows=53316 width=20)
                                                                                                         Sort Key: store_sales_1.ss_store_sk
                                                                                                         ->  Parallel Hash Join  (cost=2105.80..7706771.15 rows=53316 width=20)
                                                                                                               Hash Cond: (store_sales_1.ss_sold_date_sk = date_dim_6.d_date_sk)
                                                                                                               ->  Parallel Seq Scan on store_sales store_sales_1  (cost=0.00..7389799.50 rows=119942250 width=24)
                                                                                                               ->  Parallel Hash  (cost=2105.55..2105.55 rows=20 width=4)
                                                                                                                     ->  Parallel Seq Scan on date_dim date_dim_6  (cost=0.00..2105.55 rows=20 width=4)
                                                                                                                           Filter: ((d_date >= '2000-08-23'::date) AND (d_date <= '2000-09-22'::date))
                                                                                                   ->  Sort  (cost=37.41..38.41 rows=402 width=4)
                                                                                                         Sort Key: store_2.s_store_sk
                                                                                                         ->  Seq Scan on store store_2  (cost=0.00..20.02 rows=402 width=4)
                                                                           ->  Hash  (cost=695861.59..695861.59 rows=402 width=36)
                                                                                 ->  Subquery Scan on t73  (cost=695627.50..695861.59 rows=402 width=36)
                                                                                       ->  Finalize GroupAggregate  (cost=695627.50..695857.57 rows=402 width=36)
                                                                                             Group Key: store_3.s_store_sk
                                                                                             ->  Gather Merge  (cost=695627.50..695843.50 rows=804 width=20)
                                                                                                   Workers Planned: 2
                                                                                                   ->  Partial GroupAggregate  (cost=694627.48..694750.68 rows=402 width=20)
                                                                                                         Group Key: store_3.s_store_sk
                                                                                                         ->  Merge Join  (cost=694627.48..694707.60 rows=5208 width=20)
                                                                                                               Merge Cond: (store_returns_1.sr_store_sk = store_3.s_store_sk)
                                                                                                               ->  Sort  (cost=694590.07..694603.55 rows=5393 width=20)
                                                                                                                     Sort Key: store_returns_1.sr_store_sk
                                                                                                                     ->  Parallel Hash Join  (cost=2105.80..694255.79 rows=5393 width=20)
                                                                                                                           Hash Cond: (store_returns_1.sr_returned_date_sk = date_dim_7.d_date_sk)
                                                                                                                           ->  Parallel Seq Scan on store_returns store_returns_1  (cost=0.00..660660.86 rows=11995186 width=24)
                                                                                                                           ->  Parallel Hash  (cost=2105.55..2105.55 rows=20 width=4)
                                                                                                                                 ->  Parallel Seq Scan on date_dim date_dim_7  (cost=0.00..2105.55 rows=20 width=4)
                                                                                                                                       Filter: ((d_date >= '2000-08-23'::date) AND (d_date <= '2000-09-22'::date))
                                                                                                               ->  Sort  (cost=37.41..38.41 rows=402 width=4)
                                                                                                                     Sort Key: store_3.s_store_sk
                                                                                                                     ->  Seq Scan on store store_3  (cost=0.00..20.02 rows=402 width=4)
                                                               ->  Subquery Scan on "*SELECT* 2_1"  (cost=5377213.90..5377558.60 rows=900 width=60)
                                                                     ->  Nested Loop  (cost=5377213.90..5377549.60 rows=900 width=60)
                                                                           ->  Finalize GroupAggregate  (cost=4981947.36..4982232.98 rows=30 width=20)
                                                                                 Group Key: catalog_sales_1.cs_call_center_sk
                                                                                 ->  Gather Merge  (cost=4981947.36..4982232.23 rows=60 width=20)
                                                                                       Workers Planned: 2
                                                                                       ->  Partial GroupAggregate  (cost=4980947.33..4981225.28 rows=30 width=20)
                                                                                             Group Key: catalog_sales_1.cs_call_center_sk
                                                                                             ->  Sort  (cost=4980947.33..4981016.75 rows=27765 width=20)
                                                                                                   Sort Key: catalog_sales_1.cs_call_center_sk
                                                                                                   ->  Parallel Hash Join  (cost=2105.80..4978898.14 rows=27765 width=20)
                                                                                                         Hash Cond: (catalog_sales_1.cs_sold_date_sk = date_dim_8.d_date_sk)
                                                                                                         ->  Parallel Seq Scan on catalog_sales catalog_sales_1  (cost=0.00..4819292.97 rows=59996297 width=24)
                                                                                                         ->  Parallel Hash  (cost=2105.55..2105.55 rows=20 width=4)
                                                                                                               ->  Parallel Seq Scan on date_dim date_dim_8  (cost=0.00..2105.55 rows=20 width=4)
                                                                                                                     Filter: ((d_date >= '2000-08-23'::date) AND (d_date <= '2000-09-22'::date))
                                                                           ->  Materialize  (cost=395266.54..395302.89 rows=30 width=16)
                                                                                 ->  Subquery Scan on t88  (cost=395266.54..395302.74 rows=30 width=16)
                                                                                       ->  Finalize GroupAggregate  (cost=395266.54..395302.44 rows=30 width=20)
                                                                                             Group Key: catalog_returns_1.cr_call_center_sk
                                                                                             ->  Gather Merge  (cost=395266.54..395301.69 rows=60 width=20)
                                                                                                   Workers Planned: 2
                                                                                                   ->  Partial GroupAggregate  (cost=394266.52..394294.74 rows=30 width=20)
                                                                                                         Group Key: catalog_returns_1.cr_call_center_sk
                                                                                                         ->  Sort  (cost=394266.52..394273.50 rows=2792 width=20)
                                                                                                               Sort Key: catalog_returns_1.cr_call_center_sk
                                                                                                               ->  Parallel Hash Join  (cost=2105.80..394106.72 rows=2792 width=20)
                                                                                                                     Hash Cond: (catalog_returns_1.cr_returned_date_sk = date_dim_9.d_date_sk)
                                                                                                                     ->  Parallel Seq Scan on catalog_returns catalog_returns_1  (cost=0.00..376254.79 rows=5998179 width=24)
                                                                                                                     ->  Parallel Hash  (cost=2105.55..2105.55 rows=20 width=4)
                                                                                                                           ->  Parallel Seq Scan on date_dim date_dim_9  (cost=0.00..2105.55 rows=20 width=4)
                                                                                                                                 Filter: ((d_date >= '2000-08-23'::date) AND (d_date <= '2000-09-22'::date))
                                                               ->  Subquery Scan on "*SELECT* 2"  (cost=2689735.95..2690888.38 rows=20808 width=60)
                                                                     ->  Hash Left Join  (cost=2689735.95..2690680.30 rows=20808 width=60)
                                                                           Hash Cond: (web_page_2.wp_web_page_sk = t108.wp_web_page_sk)
                                                                           ->  Finalize GroupAggregate  (cost=2500214.08..2501080.55 rows=2040 width=20)
                                                                                 Group Key: web_page_2.wp_web_page_sk
                                                                                 ->  Gather Merge  (cost=2500214.08..2501029.55 rows=4080 width=20)
                                                                                       Workers Planned: 2
                                                                                       ->  Partial GroupAggregate  (cost=2499214.06..2499558.59 rows=2040 width=20)
                                                                                             Group Key: web_page_2.wp_web_page_sk
                                                                                             ->  Merge Join  (cost=2499214.06..2499433.54 rows=13953 width=20)
                                                                                                   Merge Cond: (web_sales_1.ws_web_page_sk = web_page_2.wp_web_page_sk)
                                                                                                   ->  Sort  (cost=2499050.51..2499085.40 rows=13956 width=20)
                                                                                                         Sort Key: web_sales_1.ws_web_page_sk
                                                                                                         ->  Parallel Hash Join  (cost=2105.80..2498089.74 rows=13956 width=20)
                                                                                                               Hash Cond: (web_sales_1.ws_sold_date_sk = date_dim_10.d_date_sk)
                                                                                                               ->  Parallel Seq Scan on web_sales web_sales_1  (cost=0.00..2417251.13 rows=29991713 width=24)
                                                                                                               ->  Parallel Hash  (cost=2105.55..2105.55 rows=20 width=4)
                                                                                                                     ->  Parallel Seq Scan on date_dim date_dim_10  (cost=0.00..2105.55 rows=20 width=4)
                                                                                                                           Filter: ((d_date >= '2000-08-23'::date) AND (d_date <= '2000-09-22'::date))
                                                                                                   ->  Sort  (cost=163.54..168.64 rows=2040 width=4)
                                                                                                         Sort Key: web_page_2.wp_web_page_sk
                                                                                                         ->  Seq Scan on web_page web_page_2  (cost=0.00..51.40 rows=2040 width=4)
                                                                           ->  Hash  (cost=189496.37..189496.37 rows=2040 width=36)
                                                                                 ->  Subquery Scan on t108  (cost=189077.72..189496.37 rows=2040 width=36)
                                                                                       ->  Finalize GroupAggregate  (cost=189077.72..189475.97 rows=2040 width=36)
                                                                                             Group Key: web_page_3.wp_web_page_sk
                                                                                             ->  Gather Merge  (cost=189077.72..189423.70 rows=2550 width=20)
                                                                                                   Workers Planned: 2
                                                                                                   ->  Partial GroupAggregate  (cost=188077.70..188129.34 rows=1275 width=20)
                                                                                                         Group Key: web_page_3.wp_web_page_sk
                                                                                                         ->  Merge Join  (cost=188077.70..188107.03 rows=1275 width=20)
                                                                                                               Merge Cond: (web_returns_1.wr_web_page_sk = web_page_3.wp_web_page_sk)
                                                                                                               ->  Sort  (cost=187914.15..187917.49 rows=1334 width=20)
                                                                                                                     Sort Key: web_returns_1.wr_web_page_sk
                                                                                                                     ->  Parallel Hash Join  (cost=2105.80..187844.91 rows=1334 width=20)
                                                                                                                           Hash Cond: (web_returns_1.wr_returned_date_sk = date_dim_11.d_date_sk)
                                                                                                                           ->  Parallel Seq Scan on web_returns web_returns_1  (cost=0.00..177866.24 rows=2999024 width=24)
                                                                                                                           ->  Parallel Hash  (cost=2105.55..2105.55 rows=20 width=4)
                                                                                                                                 ->  Parallel Seq Scan on date_dim date_dim_11  (cost=0.00..2105.55 rows=20 width=4)
                                                                                                                                       Filter: ((d_date >= '2000-08-23'::date) AND (d_date <= '2000-09-22'::date))
                                                                                                               ->  Sort  (cost=163.54..168.64 rows=2040 width=4)
                                                                                                                     Sort Key: web_page_3.wp_web_page_sk
                                                                                                                     ->  Seq Scan on web_page web_page_3  (cost=0.00..51.40 rows=2040 width=4)
                     ->  Aggregate  (cost=16479942.14..16479942.15 rows=1 width=60)
                           ->  GroupAggregate  (cost=16479542.47..16479902.73 rows=2252 width=60)
                                 Group Key: "*SELECT* 1_1".channel, "*SELECT* 1_1".id
                                 ->  Sort  (cost=16479542.47..16479598.76 rows=22516 width=60)
                                       Sort Key: "*SELECT* 1_1".channel, "*SELECT* 1_1".id
                                       ->  Result  (cost=8407861.14..16477914.71 rows=22516 width=60)
                                             ->  Append  (cost=8407861.14..16477689.55 rows=22516 width=60)
                                                   ->  Subquery Scan on "*SELECT* 1_1"  (cost=8407861.14..8409129.99 rows=808 width=60)
                                                         ->  Hash Left Join  (cost=8407861.14..8409121.91 rows=808 width=60)
                                                               Hash Cond: (store_4.s_store_sk = t133.s_store_sk)
                                                               ->  Finalize GroupAggregate  (cost=7711994.52..7713248.18 rows=402 width=20)
                                                                     Group Key: store_4.s_store_sk
                                                                     ->  Gather Merge  (cost=7711994.52..7713238.13 rows=804 width=20)
                                                                           Workers Planned: 2
                                                                           ->  Partial GroupAggregate  (cost=7710994.50..7712145.30 rows=402 width=20)
                                                                                 Group Key: store_4.s_store_sk
                                                                                 ->  Merge Join  (cost=7710994.50..7711759.67 rows=50881 width=20)
                                                                                       Merge Cond: (store_sales_2.ss_store_sk = store_4.s_store_sk)
                                                                                       ->  Sort  (cost=7710957.06..7711090.35 rows=53316 width=20)
                                                                                             Sort Key: store_sales_2.ss_store_sk
                                                                                             ->  Parallel Hash Join  (cost=2105.80..7706771.15 rows=53316 width=20)
                                                                                                   Hash Cond: (store_sales_2.ss_sold_date_sk = date_dim_12.d_date_sk)
                                                                                                   ->  Parallel Seq Scan on store_sales store_sales_2  (cost=0.00..7389799.50 rows=119942250 width=24)
                                                                                                   ->  Parallel Hash  (cost=2105.55..2105.55 rows=20 width=4)
                                                                                                         ->  Parallel Seq Scan on date_dim date_dim_12  (cost=0.00..2105.55 rows=20 width=4)
                                                                                                               Filter: ((d_date >= '2000-08-23'::date) AND (d_date <= '2000-09-22'::date))
                                                                                       ->  Sort  (cost=37.41..38.41 rows=402 width=4)
                                                                                             Sort Key: store_4.s_store_sk
                                                                                             ->  Seq Scan on store store_4  (cost=0.00..20.02 rows=402 width=4)
                                                               ->  Hash  (cost=695861.59..695861.59 rows=402 width=36)
                                                                     ->  Subquery Scan on t133  (cost=695627.50..695861.59 rows=402 width=36)
                                                                           ->  Finalize GroupAggregate  (cost=695627.50..695857.57 rows=402 width=36)
                                                                                 Group Key: store_5.s_store_sk
                                                                                 ->  Gather Merge  (cost=695627.50..695843.50 rows=804 width=20)
                                                                                       Workers Planned: 2
                                                                                       ->  Partial GroupAggregate  (cost=694627.48..694750.68 rows=402 width=20)
                                                                                             Group Key: store_5.s_store_sk
                                                                                             ->  Merge Join  (cost=694627.48..694707.60 rows=5208 width=20)
                                                                                                   Merge Cond: (store_returns_2.sr_store_sk = store_5.s_store_sk)
                                                                                                   ->  Sort  (cost=694590.07..694603.55 rows=5393 width=20)
                                                                                                         Sort Key: store_returns_2.sr_store_sk
                                                                                                         ->  Parallel Hash Join  (cost=2105.80..694255.79 rows=5393 width=20)
                                                                                                               Hash Cond: (store_returns_2.sr_returned_date_sk = date_dim_13.d_date_sk)
                                                                                                               ->  Parallel Seq Scan on store_returns store_returns_2  (cost=0.00..660660.86 rows=11995186 width=24)
                                                                                                               ->  Parallel Hash  (cost=2105.55..2105.55 rows=20 width=4)
                                                                                                                     ->  Parallel Seq Scan on date_dim date_dim_13  (cost=0.00..2105.55 rows=20 width=4)
                                                                                                                           Filter: ((d_date >= '2000-08-23'::date) AND (d_date <= '2000-09-22'::date))
                                                                                                   ->  Sort  (cost=37.41..38.41 rows=402 width=4)
                                                                                                         Sort Key: store_5.s_store_sk
                                                                                                         ->  Seq Scan on store store_5  (cost=0.00..20.02 rows=402 width=4)
                                                   ->  Subquery Scan on "*SELECT* 2_3"  (cost=5377213.90..5377558.60 rows=900 width=60)
                                                         ->  Nested Loop  (cost=5377213.90..5377549.60 rows=900 width=60)
                                                               ->  Finalize GroupAggregate  (cost=4981947.36..4982232.98 rows=30 width=20)
                                                                     Group Key: catalog_sales_2.cs_call_center_sk
                                                                     ->  Gather Merge  (cost=4981947.36..4982232.23 rows=60 width=20)
                                                                           Workers Planned: 2
                                                                           ->  Partial GroupAggregate  (cost=4980947.33..4981225.28 rows=30 width=20)
                                                                                 Group Key: catalog_sales_2.cs_call_center_sk
                                                                                 ->  Sort  (cost=4980947.33..4981016.75 rows=27765 width=20)
                                                                                       Sort Key: catalog_sales_2.cs_call_center_sk
                                                                                       ->  Parallel Hash Join  (cost=2105.80..4978898.14 rows=27765 width=20)
                                                                                             Hash Cond: (catalog_sales_2.cs_sold_date_sk = date_dim_14.d_date_sk)
                                                                                             ->  Parallel Seq Scan on catalog_sales catalog_sales_2  (cost=0.00..4819292.97 rows=59996297 width=24)
                                                                                             ->  Parallel Hash  (cost=2105.55..2105.55 rows=20 width=4)
                                                                                                   ->  Parallel Seq Scan on date_dim date_dim_14  (cost=0.00..2105.55 rows=20 width=4)
                                                                                                         Filter: ((d_date >= '2000-08-23'::date) AND (d_date <= '2000-09-22'::date))
                                                               ->  Materialize  (cost=395266.54..395302.89 rows=30 width=16)
                                                                     ->  Subquery Scan on t148  (cost=395266.54..395302.74 rows=30 width=16)
                                                                           ->  Finalize GroupAggregate  (cost=395266.54..395302.44 rows=30 width=20)
                                                                                 Group Key: catalog_returns_2.cr_call_center_sk
                                                                                 ->  Gather Merge  (cost=395266.54..395301.69 rows=60 width=20)
                                                                                       Workers Planned: 2
                                                                                       ->  Partial GroupAggregate  (cost=394266.52..394294.74 rows=30 width=20)
                                                                                             Group Key: catalog_returns_2.cr_call_center_sk
                                                                                             ->  Sort  (cost=394266.52..394273.50 rows=2792 width=20)
                                                                                                   Sort Key: catalog_returns_2.cr_call_center_sk
                                                                                                   ->  Parallel Hash Join  (cost=2105.80..394106.72 rows=2792 width=20)
                                                                                                         Hash Cond: (catalog_returns_2.cr_returned_date_sk = date_dim_15.d_date_sk)
                                                                                                         ->  Parallel Seq Scan on catalog_returns catalog_returns_2  (cost=0.00..376254.79 rows=5998179 width=24)
                                                                                                         ->  Parallel Hash  (cost=2105.55..2105.55 rows=20 width=4)
                                                                                                               ->  Parallel Seq Scan on date_dim date_dim_15  (cost=0.00..2105.55 rows=20 width=4)
                                                                                                                     Filter: ((d_date >= '2000-08-23'::date) AND (d_date <= '2000-09-22'::date))
                                                   ->  Subquery Scan on "*SELECT* 2_2"  (cost=2689735.95..2690888.38 rows=20808 width=60)
                                                         ->  Hash Left Join  (cost=2689735.95..2690680.30 rows=20808 width=60)
                                                               Hash Cond: (web_page_4.wp_web_page_sk = t168.wp_web_page_sk)
                                                               ->  Finalize GroupAggregate  (cost=2500214.08..2501080.55 rows=2040 width=20)
                                                                     Group Key: web_page_4.wp_web_page_sk
                                                                     ->  Gather Merge  (cost=2500214.08..2501029.55 rows=4080 width=20)
                                                                           Workers Planned: 2
                                                                           ->  Partial GroupAggregate  (cost=2499214.06..2499558.59 rows=2040 width=20)
                                                                                 Group Key: web_page_4.wp_web_page_sk
                                                                                 ->  Merge Join  (cost=2499214.06..2499433.54 rows=13953 width=20)
                                                                                       Merge Cond: (web_sales_2.ws_web_page_sk = web_page_4.wp_web_page_sk)
                                                                                       ->  Sort  (cost=2499050.51..2499085.40 rows=13956 width=20)
                                                                                             Sort Key: web_sales_2.ws_web_page_sk
                                                                                             ->  Parallel Hash Join  (cost=2105.80..2498089.74 rows=13956 width=20)
                                                                                                   Hash Cond: (web_sales_2.ws_sold_date_sk = date_dim_16.d_date_sk)
                                                                                                   ->  Parallel Seq Scan on web_sales web_sales_2  (cost=0.00..2417251.13 rows=29991713 width=24)
                                                                                                   ->  Parallel Hash  (cost=2105.55..2105.55 rows=20 width=4)
                                                                                                         ->  Parallel Seq Scan on date_dim date_dim_16  (cost=0.00..2105.55 rows=20 width=4)
                                                                                                               Filter: ((d_date >= '2000-08-23'::date) AND (d_date <= '2000-09-22'::date))
                                                                                       ->  Sort  (cost=163.54..168.64 rows=2040 width=4)
                                                                                             Sort Key: web_page_4.wp_web_page_sk
                                                                                             ->  Seq Scan on web_page web_page_4  (cost=0.00..51.40 rows=2040 width=4)
                                                               ->  Hash  (cost=189496.37..189496.37 rows=2040 width=36)
                                                                     ->  Subquery Scan on t168  (cost=189077.72..189496.37 rows=2040 width=36)
                                                                           ->  Finalize GroupAggregate  (cost=189077.72..189475.97 rows=2040 width=36)
                                                                                 Group Key: web_page_5.wp_web_page_sk
                                                                                 ->  Gather Merge  (cost=189077.72..189423.70 rows=2550 width=20)
                                                                                       Workers Planned: 2
                                                                                       ->  Partial GroupAggregate  (cost=188077.70..188129.34 rows=1275 width=20)
                                                                                             Group Key: web_page_5.wp_web_page_sk
                                                                                             ->  Merge Join  (cost=188077.70..188107.03 rows=1275 width=20)
                                                                                                   Merge Cond: (web_returns_2.wr_web_page_sk = web_page_5.wp_web_page_sk)
                                                                                                   ->  Sort  (cost=187914.15..187917.49 rows=1334 width=20)
                                                                                                         Sort Key: web_returns_2.wr_web_page_sk
                                                                                                         ->  Parallel Hash Join  (cost=2105.80..187844.91 rows=1334 width=20)
                                                                                                               Hash Cond: (web_returns_2.wr_returned_date_sk = date_dim_17.d_date_sk)
                                                                                                               ->  Parallel Seq Scan on web_returns web_returns_2  (cost=0.00..177866.24 rows=2999024 width=24)
                                                                                                               ->  Parallel Hash  (cost=2105.55..2105.55 rows=20 width=4)
                                                                                                                     ->  Parallel Seq Scan on date_dim date_dim_17  (cost=0.00..2105.55 rows=20 width=4)
                                                                                                                           Filter: ((d_date >= '2000-08-23'::date) AND (d_date <= '2000-09-22'::date))
                                                                                                   ->  Sort  (cost=163.54..168.64 rows=2040 width=4)
                                                                                                         Sort Key: web_page_5.wp_web_page_sk
                                                                                                         ->  Seq Scan on web_page web_page_5  (cost=0.00..51.40 rows=2040 width=4)
 JIT:
   Functions: 528
   Options: Inlining true, Optimization true, Expressions true, Deforming true
(383 rows)

