                                                                                                                  QUERY PLAN                                                                                                                  
----------------------------------------------------------------------------------------------------------------------------------------------------------------------------------------------------------------------------------------------
 Nested Loop  (cost=61721190.27..61721190.50 rows=1 width=64)
   ->  Nested Loop  (cost=54005962.68..54005962.88 rows=1 width=56)
         ->  Nested Loop  (cost=46290682.20..46290682.37 rows=1 width=48)
               ->  Nested Loop  (cost=38575373.26..38575373.40 rows=1 width=40)
                     ->  Nested Loop  (cost=30860267.70..30860267.81 rows=1 width=32)
                           ->  Nested Loop  (cost=23145133.66..23145133.74 rows=1 width=24)
                                 ->  Nested Loop  (cost=15430255.88..15430255.93 rows=1 width=16)
                                       ->  Finalize Aggregate  (cost=7715349.62..7715349.63 rows=1 width=8)
                                             ->  Gather  (cost=7715349.41..7715349.62 rows=2 width=8)
                                                   Workers Planned: 2
                                                   ->  Partial Aggregate  (cost=7714349.41..7714349.42 rows=1 width=8)
                                                         ->  Hash Join  (cost=2130.72..7714162.47 rows=74775 width=0)
                                                               Hash Cond: (store_sales.ss_hdemo_sk = household_demographics.hd_demo_sk)
                                                               ->  Hash Join  (cost=1878.75..7713066.54 rows=321330 width=4)
                                                                     Hash Cond: (store_sales.ss_store_sk = store.s_store_sk)
                                                                     ->  Parallel Hash Join  (cost=1857.04..7706519.65 rows=2461021 width=8)
                                                                           Hash Cond: (store_sales.ss_sold_time_sk = time_dim.t_time_sk)
                                                                           ->  Parallel Seq Scan on store_sales  (cost=0.00..7389799.50 rows=119942250 width=12)
                                                                           ->  Parallel Hash  (cost=1843.35..1843.35 rows=1095 width=4)
                                                                                 ->  Parallel Seq Scan on time_dim  (cost=0.00..1843.35 rows=1095 width=4)
                                                                                       Filter: ((t_minute >= 30) AND (t_hour = 8))
                                                                     ->  Hash  (cost=21.02..21.02 rows=55 width=4)
                                                                           ->  Seq Scan on store  (cost=0.00..21.02 rows=55 width=4)
                                                                                 Filter: ((s_store_name)::text = 'ese'::text)
                                                               ->  Hash  (cost=230.00..230.00 rows=1757 width=4)
                                                                     ->  Seq Scan on household_demographics  (cost=0.00..230.00 rows=1757 width=4)
                                                                           Filter: (((hd_dep_count = 4) AND (hd_vehicle_count <= 6)) OR ((hd_dep_count = 2) AND (hd_vehicle_count <= 4)) OR ((hd_dep_count = 0) AND (hd_vehicle_count <= 2)))
                                       ->  Finalize Aggregate  (cost=7714906.26..7714906.27 rows=1 width=8)
                                             ->  Gather  (cost=7714906.04..7714906.25 rows=2 width=8)
                                                   Workers Planned: 2
                                                   ->  Partial Aggregate  (cost=7713906.04..7713906.05 rows=1 width=8)
                                                         ->  Hash Join  (cost=2129.92..7713730.05 rows=70395 width=0)
                                                               Hash Cond: (store_sales0.ss_hdemo_sk = household_demographics_1.hd_demo_sk)
                                                               ->  Hash Join  (cost=1877.95..7712683.56 rows=302510 width=4)
                                                                     Hash Cond: (store_sales0.ss_store_sk = store_1.s_store_sk)
                                                                     ->  Parallel Hash Join  (cost=1856.24..7706518.85 rows=2316878 width=8)
                                                                           Hash Cond: (store_sales0.ss_sold_time_sk = time_dim_1.t_time_sk)
                                                                           ->  Parallel Seq Scan on store_sales store_sales0  (cost=0.00..7389799.50 rows=119942250 width=12)
                                                                           ->  Parallel Hash  (cost=1843.35..1843.35 rows=1031 width=4)
                                                                                 ->  Parallel Seq Scan on time_dim time_dim_1  (cost=0.00..1843.35 rows=1031 width=4)
                                                                                       Filter: ((t_minute < 30) AND (t_hour = 9))
                                                                     ->  Hash  (cost=21.02..21.02 rows=55 width=4)
                                                                           ->  Seq Scan on store store_1  (cost=0.00..21.02 rows=55 width=4)
                                                                                 Filter: ((s_store_name)::text = 'ese'::text)
                                                               ->  Hash  (cost=230.00..230.00 rows=1757 width=4)
                                                                     ->  Seq Scan on household_demographics household_demographics_1  (cost=0.00..230.00 rows=1757 width=4)
                                                                           Filter: (((hd_dep_count = 4) AND (hd_vehicle_count <= 6)) OR ((hd_dep_count = 2) AND (hd_vehicle_count <= 4)) OR ((hd_dep_count = 0) AND (hd_vehicle_count <= 2)))
                                 ->  Finalize Aggregate  (cost=7714877.77..7714877.78 rows=1 width=8)
                                       ->  Gather  (cost=7714877.56..7714877.77 rows=2 width=8)
                                             Workers Planned: 2
                                             ->  Partial Aggregate  (cost=7713877.56..7713877.57 rows=1 width=8)
                                                   ->  Hash Join  (cost=2129.85..7713702.27 rows=70114 width=0)
                                                         Hash Cond: (store_sales1.ss_hdemo_sk = household_demographics_2.hd_demo_sk)
                                                         ->  Hash Join  (cost=1877.89..7712658.95 rows=301301 width=4)
                                                               Hash Cond: (store_sales1.ss_store_sk = store_2.s_store_sk)
                                                               ->  Parallel Hash Join  (cost=1856.18..7706518.79 rows=2307621 width=8)
                                                                     Hash Cond: (store_sales1.ss_sold_time_sk = time_dim_2.t_time_sk)
                                                                     ->  Parallel Seq Scan on store_sales store_sales1  (cost=0.00..7389799.50 rows=119942250 width=12)
                                                                     ->  Parallel Hash  (cost=1843.35..1843.35 rows=1026 width=4)
                                                                           ->  Parallel Seq Scan on time_dim time_dim_2  (cost=0.00..1843.35 rows=1026 width=4)
                                                                                 Filter: ((t_minute >= 30) AND (t_hour = 9))
                                                               ->  Hash  (cost=21.02..21.02 rows=55 width=4)
                                                                     ->  Seq Scan on store store_2  (cost=0.00..21.02 rows=55 width=4)
                                                                           Filter: ((s_store_name)::text = 'ese'::text)
                                                         ->  Hash  (cost=230.00..230.00 rows=1757 width=4)
                                                               ->  Seq Scan on household_demographics household_demographics_2  (cost=0.00..230.00 rows=1757 width=4)
                                                                     Filter: (((hd_dep_count = 4) AND (hd_vehicle_count <= 6)) OR ((hd_dep_count = 2) AND (hd_vehicle_count <= 4)) OR ((hd_dep_count = 0) AND (hd_vehicle_count <= 2)))
                           ->  Finalize Aggregate  (cost=7715134.04..7715134.05 rows=1 width=8)
                                 ->  Gather  (cost=7715133.83..7715134.04 rows=2 width=8)
                                       Workers Planned: 2
                                       ->  Partial Aggregate  (cost=7714133.83..7714133.84 rows=1 width=8)
                                             ->  Hash Join  (cost=2130.33..7713952.21 rows=72646 width=0)
                                                   Hash Cond: (store_sales2.ss_hdemo_sk = household_demographics_3.hd_demo_sk)
                                                   ->  Hash Join  (cost=1878.37..7712880.32 rows=312179 width=4)
                                                         Hash Cond: (store_sales2.ss_store_sk = store_3.s_store_sk)
                                                         ->  Parallel Hash Join  (cost=1856.65..7706519.27 rows=2390933 width=8)
                                                               Hash Cond: (store_sales2.ss_sold_time_sk = time_dim_3.t_time_sk)
                                                               ->  Parallel Seq Scan on store_sales store_sales2  (cost=0.00..7389799.50 rows=119942250 width=12)
                                                               ->  Parallel Hash  (cost=1843.35..1843.35 rows=1064 width=4)
                                                                     ->  Parallel Seq Scan on time_dim time_dim_3  (cost=0.00..1843.35 rows=1064 width=4)
                                                                           Filter: ((t_minute < 30) AND (t_hour = 10))
                                                         ->  Hash  (cost=21.02..21.02 rows=55 width=4)
                                                               ->  Seq Scan on store store_3  (cost=0.00..21.02 rows=55 width=4)
                                                                     Filter: ((s_store_name)::text = 'ese'::text)
                                                   ->  Hash  (cost=230.00..230.00 rows=1757 width=4)
                                                         ->  Seq Scan on household_demographics household_demographics_3  (cost=0.00..230.00 rows=1757 width=4)
                                                               Filter: (((hd_dep_count = 4) AND (hd_vehicle_count <= 6)) OR ((hd_dep_count = 2) AND (hd_vehicle_count <= 4)) OR ((hd_dep_count = 0) AND (hd_vehicle_count <= 2)))
                     ->  Finalize Aggregate  (cost=7715105.56..7715105.57 rows=1 width=8)
                           ->  Gather  (cost=7715105.35..7715105.56 rows=2 width=8)
                                 Workers Planned: 2
                                 ->  Partial Aggregate  (cost=7714105.35..7714105.36 rows=1 width=8)
                                       ->  Hash Join  (cost=2130.27..7713924.43 rows=72365 width=0)
                                             Hash Cond: (store_sales3.ss_hdemo_sk = household_demographics_4.hd_demo_sk)
                                             ->  Hash Join  (cost=1878.30..7712855.72 rows=310971 width=4)
                                                   Hash Cond: (store_sales3.ss_store_sk = store_4.s_store_sk)
                                                   ->  Parallel Hash Join  (cost=1856.59..7706519.20 rows=2381676 width=8)
                                                         Hash Cond: (store_sales3.ss_sold_time_sk = time_dim_4.t_time_sk)
                                                         ->  Parallel Seq Scan on store_sales store_sales3  (cost=0.00..7389799.50 rows=119942250 width=12)
                                                         ->  Parallel Hash  (cost=1843.35..1843.35 rows=1059 width=4)
                                                               ->  Parallel Seq Scan on time_dim time_dim_4  (cost=0.00..1843.35 rows=1059 width=4)
                                                                     Filter: ((t_minute >= 30) AND (t_hour = 10))
                                                   ->  Hash  (cost=21.02..21.02 rows=55 width=4)
                                                         ->  Seq Scan on store store_4  (cost=0.00..21.02 rows=55 width=4)
                                                               Filter: ((s_store_name)::text = 'ese'::text)
                                             ->  Hash  (cost=230.00..230.00 rows=1757 width=4)
                                                   ->  Seq Scan on household_demographics household_demographics_4  (cost=0.00..230.00 rows=1757 width=4)
                                                         Filter: (((hd_dep_count = 4) AND (hd_vehicle_count <= 6)) OR ((hd_dep_count = 2) AND (hd_vehicle_count <= 4)) OR ((hd_dep_count = 0) AND (hd_vehicle_count <= 2)))
               ->  Finalize Aggregate  (cost=7715308.94..7715308.95 rows=1 width=8)
                     ->  Gather  (cost=7715308.73..7715308.94 rows=2 width=8)
                           Workers Planned: 2
                           ->  Partial Aggregate  (cost=7714308.73..7714308.74 rows=1 width=8)
                                 ->  Hash Join  (cost=2130.64..7714122.80 rows=74373 width=0)
                                       Hash Cond: (store_sales4.ss_hdemo_sk = household_demographics_5.hd_demo_sk)
                                       ->  Hash Join  (cost=1878.68..7713031.41 rows=319604 width=4)
                                             Hash Cond: (store_sales4.ss_store_sk = store_5.s_store_sk)
                                             ->  Parallel Hash Join  (cost=1856.97..7706519.58 rows=2447797 width=8)
                                                   Hash Cond: (store_sales4.ss_sold_time_sk = time_dim_5.t_time_sk)
                                                   ->  Parallel Seq Scan on store_sales store_sales4  (cost=0.00..7389799.50 rows=119942250 width=12)
                                                   ->  Parallel Hash  (cost=1843.35..1843.35 rows=1089 width=4)
                                                         ->  Parallel Seq Scan on time_dim time_dim_5  (cost=0.00..1843.35 rows=1089 width=4)
                                                               Filter: ((t_minute < 30) AND (t_hour = 11))
                                             ->  Hash  (cost=21.02..21.02 rows=55 width=4)
                                                   ->  Seq Scan on store store_5  (cost=0.00..21.02 rows=55 width=4)
                                                         Filter: ((s_store_name)::text = 'ese'::text)
                                       ->  Hash  (cost=230.00..230.00 rows=1757 width=4)
                                             ->  Seq Scan on household_demographics household_demographics_5  (cost=0.00..230.00 rows=1757 width=4)
                                                   Filter: (((hd_dep_count = 4) AND (hd_vehicle_count <= 6)) OR ((hd_dep_count = 2) AND (hd_vehicle_count <= 4)) OR ((hd_dep_count = 0) AND (hd_vehicle_count <= 2)))
         ->  Finalize Aggregate  (cost=7715280.47..7715280.48 rows=1 width=8)
               ->  Gather  (cost=7715280.26..7715280.47 rows=2 width=8)
                     Workers Planned: 2
                     ->  Partial Aggregate  (cost=7714280.26..7714280.27 rows=1 width=8)
                           ->  Hash Join  (cost=2130.59..7714095.03 rows=74092 width=0)
                                 Hash Cond: (store_sales5.ss_hdemo_sk = household_demographics_6.hd_demo_sk)
                                 ->  Hash Join  (cost=1878.63..7713006.81 rows=318395 width=4)
                                       Hash Cond: (store_sales5.ss_store_sk = store_6.s_store_sk)
                                       ->  Parallel Hash Join  (cost=1856.92..7706519.53 rows=2438540 width=8)
                                             Hash Cond: (store_sales5.ss_sold_time_sk = time_dim_6.t_time_sk)
                                             ->  Parallel Seq Scan on store_sales store_sales5  (cost=0.00..7389799.50 rows=119942250 width=12)
                                             ->  Parallel Hash  (cost=1843.35..1843.35 rows=1085 width=4)
                                                   ->  Parallel Seq Scan on time_dim time_dim_6  (cost=0.00..1843.35 rows=1085 width=4)
                                                         Filter: ((t_minute >= 30) AND (t_hour = 11))
                                       ->  Hash  (cost=21.02..21.02 rows=55 width=4)
                                             ->  Seq Scan on store store_6  (cost=0.00..21.02 rows=55 width=4)
                                                   Filter: ((s_store_name)::text = 'ese'::text)
                                 ->  Hash  (cost=230.00..230.00 rows=1757 width=4)
                                       ->  Seq Scan on household_demographics household_demographics_6  (cost=0.00..230.00 rows=1757 width=4)
                                             Filter: (((hd_dep_count = 4) AND (hd_vehicle_count <= 6)) OR ((hd_dep_count = 2) AND (hd_vehicle_count <= 4)) OR ((hd_dep_count = 0) AND (hd_vehicle_count <= 2)))
   ->  Finalize Aggregate  (cost=7715227.60..7715227.61 rows=1 width=8)
         ->  Gather  (cost=7715227.38..7715227.59 rows=2 width=8)
               Workers Planned: 2
               ->  Partial Aggregate  (cost=7714227.38..7714227.39 rows=1 width=8)
                     ->  Hash Join  (cost=2130.49..7714043.46 rows=73570 width=0)
                           Hash Cond: (store_sales6.ss_hdemo_sk = household_demographics_7.hd_demo_sk)
                           ->  Hash Join  (cost=1878.53..7712961.13 rows=316151 width=4)
                                 Hash Cond: (store_sales6.ss_store_sk = store_7.s_store_sk)
                                 ->  Parallel Hash Join  (cost=1856.82..7706519.43 rows=2421349 width=8)
                                       Hash Cond: (store_sales6.ss_sold_time_sk = time_dim_7.t_time_sk)
                                       ->  Parallel Seq Scan on store_sales store_sales6  (cost=0.00..7389799.50 rows=119942250 width=12)
                                       ->  Parallel Hash  (cost=1843.35..1843.35 rows=1077 width=4)
                                             ->  Parallel Seq Scan on time_dim time_dim_7  (cost=0.00..1843.35 rows=1077 width=4)
                                                   Filter: ((t_minute < 30) AND (t_hour = 12))
                                 ->  Hash  (cost=21.02..21.02 rows=55 width=4)
                                       ->  Seq Scan on store store_7  (cost=0.00..21.02 rows=55 width=4)
                                             Filter: ((s_store_name)::text = 'ese'::text)
                           ->  Hash  (cost=230.00..230.00 rows=1757 width=4)
                                 ->  Seq Scan on household_demographics household_demographics_7  (cost=0.00..230.00 rows=1757 width=4)
                                       Filter: (((hd_dep_count = 4) AND (hd_vehicle_count <= 6)) OR ((hd_dep_count = 2) AND (hd_vehicle_count <= 4)) OR ((hd_dep_count = 0) AND (hd_vehicle_count <= 2)))
 JIT:
   Functions: 279
   Options: Inlining true, Optimization true, Expressions true, Deforming true
(170 rows)

