                                                                                                                                                                                                  QUERY PLAN                                                                                                                                                                                                   
---------------------------------------------------------------------------------------------------------------------------------------------------------------------------------------------------------------------------------------------------------------------------------------------------------------------------------------------------------------------------------------------------------------
 Limit  (cost=60877376.95..60877377.12 rows=1 width=144)
   ->  Nested Loop  (cost=60877376.95..60877377.12 rows=1 width=144)
         ->  Nested Loop  (cost=50773784.93..50773785.07 rows=1 width=120)
               ->  Nested Loop  (cost=40612213.97..40612214.08 rows=1 width=96)
                     ->  Nested Loop  (cost=30486530.38..30486530.46 rows=1 width=72)
                           ->  Nested Loop  (cost=20377261.61..20377261.66 rows=1 width=48)
                                 ->  Aggregate  (cost=10229903.01..10229903.02 rows=1 width=24)
                                       ->  Gather  (cost=1000.00..10199187.30 rows=4095428 width=8)
                                             Workers Planned: 2
                                             ->  Parallel Seq Scan on store_sales  (cost=0.00..9788644.50 rows=1706428 width=8)
                                                   Filter: ((ss_quantity >= 0) AND (ss_quantity <= 5) AND (((ss_list_price >= '8'::double precision) AND (ss_list_price <= '18'::double precision)) OR ((ss_coupon_amt >= '459'::double precision) AND (ss_coupon_amt <= '1459'::double precision)) OR ((ss_wholesale_cost >= '57'::double precision) AND (ss_wholesale_cost <= '77'::double precision))))
                                 ->  Aggregate  (cost=10147358.60..10147358.61 rows=1 width=24)
                                       ->  Gather  (cost=1000.00..10122401.80 rows=3327573 width=8)
                                             Workers Planned: 2
                                             ->  Parallel Seq Scan on store_sales store_sales_1  (cost=0.00..9788644.50 rows=1386489 width=8)
                                                   Filter: ((ss_quantity >= 6) AND (ss_quantity <= 10) AND (((ss_list_price >= '90'::double precision) AND (ss_list_price <= '100'::double precision)) OR ((ss_coupon_amt >= '2323'::double precision) AND (ss_coupon_amt <= '3323'::double precision)) OR ((ss_wholesale_cost >= '31'::double precision) AND (ss_wholesale_cost <= '51'::double precision))))
                           ->  Aggregate  (cost=10109268.77..10109268.78 rows=1 width=24)
                                 ->  Gather  (cost=1000.00..10086969.40 rows=2973249 width=8)
                                       Workers Planned: 2
                                       ->  Parallel Seq Scan on store_sales store_sales_2  (cost=0.00..9788644.50 rows=1238854 width=8)
                                             Filter: ((ss_quantity >= 11) AND (ss_quantity <= 15) AND (((ss_list_price >= '142'::double precision) AND (ss_list_price <= '152'::double precision)) OR ((ss_coupon_amt >= '12214'::double precision) AND (ss_coupon_amt <= '13214'::double precision)) OR ((ss_wholesale_cost >= '79'::double precision) AND (ss_wholesale_cost <= '99'::double precision))))
                     ->  Aggregate  (cost=10125683.59..10125683.60 rows=1 width=24)
                           ->  Gather  (cost=1000.00..10102239.00 rows=3125945 width=8)
                                 Workers Planned: 2
                                 ->  Parallel Seq Scan on store_sales store_sales_3  (cost=0.00..9788644.50 rows=1302477 width=8)
                                       Filter: ((ss_quantity >= 16) AND (ss_quantity <= 20) AND (((ss_list_price >= '135'::double precision) AND (ss_list_price <= '145'::double precision)) OR ((ss_coupon_amt >= '6071'::double precision) AND (ss_coupon_amt <= '7071'::double precision)) OR ((ss_wholesale_cost >= '38'::double precision) AND (ss_wholesale_cost <= '58'::double precision))))
               ->  Aggregate  (cost=10161570.96..10161570.97 rows=1 width=24)
                     ->  Gather  (cost=1000.00..10135622.60 rows=3459781 width=8)
                           Workers Planned: 2
                           ->  Parallel Seq Scan on store_sales store_sales_4  (cost=0.00..9788644.50 rows=1441575 width=8)
                                 Filter: ((ss_quantity >= 21) AND (ss_quantity <= 25) AND (((ss_list_price >= '122'::double precision) AND (ss_list_price <= '132'::double precision)) OR ((ss_coupon_amt >= '836'::double precision) AND (ss_coupon_amt <= '1836'::double precision)) OR ((ss_wholesale_cost >= '17'::double precision) AND (ss_wholesale_cost <= '37'::double precision))))
         ->  Aggregate  (cost=10103592.02..10103592.03 rows=1 width=24)
               ->  Gather  (cost=1000.00..10081688.70 rows=2920442 width=8)
                     Workers Planned: 2
                     ->  Parallel Seq Scan on store_sales store_sales_5  (cost=0.00..9788644.50 rows=1216851 width=8)
                           Filter: ((ss_quantity >= 26) AND (ss_quantity <= 30) AND (((ss_list_price >= '154'::double precision) AND (ss_list_price <= '164'::double precision)) OR ((ss_coupon_amt >= '7326'::double precision) AND (ss_coupon_amt <= '8326'::double precision)) OR ((ss_wholesale_cost >= '7'::double precision) AND (ss_wholesale_cost <= '27'::double precision))))
 JIT:
   Functions: 42
   Options: Inlining true, Optimization true, Expressions true, Deforming true
(39 rows)

