                                                                                                  QUERY PLAN                                                                                                  
--------------------------------------------------------------------------------------------------------------------------------------------------------------------------------------------------------------
 Limit  (cost=7725934.28..7725934.53 rows=100 width=148)
   CTE results
     ->  Finalize GroupAggregate  (cost=7724612.64..7725657.85 rows=990 width=46)
           Group Key: item.i_category, item.i_class
           ->  Gather Merge  (cost=7724612.64..7725613.30 rows=1980 width=30)
                 Workers Planned: 2
                 ->  Partial GroupAggregate  (cost=7723612.62..7724384.73 rows=990 width=30)
                       Group Key: item.i_category, item.i_class
                       ->  Sort  (cost=7723612.62..7723765.06 rows=60977 width=30)
                             Sort Key: item.i_category, item.i_class
                             ->  Parallel Hash Join  (cost=7708963.35..7718766.17 rows=60977 width=30)
                                   Hash Cond: (item.i_item_sk = store_sales.ss_item_sk)
                                   ->  Parallel Seq Scan on item  (cost=0.00..9230.00 rows=85000 width=18)
                                   ->  Parallel Hash  (cost=7708201.14..7708201.14 rows=60977 width=20)
                                         ->  Hash Join  (cost=2022.39..7708201.14 rows=60977 width=20)
                                               Hash Cond: (store_sales.ss_store_sk = store.s_store_sk)
                                               ->  Parallel Hash Join  (cost=2000.80..7706666.15 rows=570792 width=24)
                                                     Hash Cond: (store_sales.ss_sold_date_sk = d1.d_date_sk)
                                                     ->  Parallel Seq Scan on store_sales  (cost=0.00..7389799.50 rows=119942250 width=28)
                                                     ->  Parallel Hash  (cost=1998.12..1998.12 rows=214 width=4)
                                                           ->  Parallel Seq Scan on date_dim d1  (cost=0.00..1998.12 rows=214 width=4)
                                                                 Filter: (d_year = 2001)
                                               ->  Hash  (cost=21.02..21.02 rows=45 width=4)
                                                     ->  Seq Scan on store  (cost=0.00..21.02 rows=45 width=4)
                                                           Filter: ((s_state)::text = 'TN'::text)
   ->  Sort  (cost=276.44..279.41 rows=1191 width=148)
         Sort Key: results_rollup.lochierarchy DESC, (CASE WHEN (results_rollup.lochierarchy = 0) THEN results_rollup.i_category ELSE NULL::character varying END) NULLS FIRST, (rank() OVER (?)) NULLS FIRST
         ->  WindowAgg  (cost=198.17..230.92 rows=1191 width=148)
               ->  Sort  (cost=198.17..201.14 rows=1191 width=108)
                     Sort Key: results_rollup.lochierarchy, (CASE WHEN (results_rollup.t_class = 0) THEN results_rollup.i_category ELSE NULL::character varying END), results_rollup.gross_margin
                     ->  Subquery Scan on results_rollup  (cost=110.52..137.32 rows=1191 width=108)
                           ->  HashAggregate  (cost=110.52..122.43 rows=1191 width=84)
                                 Group Key: results.gross_margin, results.i_category, results.i_class, (0), (0), (0)
                                 ->  Append  (cost=0.00..92.66 rows=1191 width=84)
                                       ->  CTE Scan on results  (cost=0.00..19.80 rows=990 width=256)
                                       ->  HashAggregate  (cost=27.23..30.23 rows=200 width=170)
                                             Group Key: results_1.i_category
                                             ->  CTE Scan on results results_1  (cost=0.00..19.80 rows=990 width=134)
                                       ->  Aggregate  (cost=24.75..24.77 rows=1 width=84)
                                             ->  CTE Scan on results results_2  (cost=0.00..19.80 rows=990 width=16)
 JIT:
   Functions: 55
   Options: Inlining true, Optimization true, Expressions true, Deforming true
(43 rows)

