XN CTE Scan on friend_shortest  (cost=25283093018266124.00..25283093018907672.00 rows=256619748 width=12)
  InitPlan
    ->  XN Recursive Union  (cost=0.00..25283093018266124.00 rows=256619748 width=20)
          ->  XN Subquery Scan "*SELECT* 1"  (cost=0.00..25000.01 rows=1 width=4)
                ->  XN Seq Scan on customer  (cost=0.00..25000.00 rows=1 width=4)
                      Filter: (c_customer_sk = 1)
          ->  XN Subquery Scan "*SELECT* 2"  (cost=2981089775911.61..25283093018241124.00 rows=256619747 width=20)
                ->  XN Nested Loop DS_BCAST_INNER  (cost=2981089775911.61..25283093015674928.00 rows=256619747 width=20)
                      Join Filter: (("inner".c_customer_sk = "outer".friend) OR ("inner".c_customer_sk = "outer".friend))
                      ->  XN CTE Scan on friend_shortest f  (cost=0.00..25.00 rows=1667 width=12)
                            Filter: (hopcount < 3)
                      ->  XN Materialize  (cost=2981089775911.61..2982977847819.26 rows=157956342565 width=8)
                            ->  XN Hash Join DS_BCAST_INNER  (cost=137516465908.30..453321830047.04 rows=157956342565 width=8)
                                  Hash Cond: ("outer".cs_bill_customer_sk = "inner".c_customer_sk)
                                  ->  XN Nested Loop DS_BCAST_INNER  (cost=137516436908.30..255159682068.22 rows=203663800029 width=8)
                                        Join Filter: (("outer".cs_sales_price < ("inner".cs_sales_price + 5::double precision)) OR ("outer".cs_sales_price > ("inner".cs_sales_price - 5::double precision)))
                                        ->  XN Seq Scan on catalog_sales  (cost=0.00..1799963.40 rows=687514 width=12)
                                              Filter: (cs_item_sk < 1000)
                                        ->  XN Materialize  (cost=137516436908.30..137516442240.48 rows=533218 width=12)
                                              ->  XN Hash Join DS_BCAST_INNER  (cost=1801682.19..137505772015.08 rows=533218 width=12)
                                                    Hash Cond: ("outer".c_customer_sk = "inner".cs_bill_customer_sk)
                                                    ->  XN Seq Scan on customer  (cost=0.00..25000.00 rows=1600001 width=4)
                                                          Filter: ((c_first_name)::text ~~ '%ro%'::text)
                                                    ->  XN Hash  (cost=1799963.40..1799963.40 rows=687514 width=12)
                                                          ->  XN Seq Scan on catalog_sales  (cost=0.00..1799963.40 rows=687514 width=12)
                                                                Filter: (cs_item_sk < 1000)
                                  ->  XN Hash  (cost=25000.00..25000.00 rows=1600001 width=4)
                                        ->  XN Seq Scan on customer  (cost=0.00..25000.00 rows=1600001 width=4)
                                              Filter: ((c_first_name)::text ~~ '%ro%'::text)
----- Nested Loop Join in the query plan - review the join predicates to avoid Cartesian products -----