XN CTE Scan on friend_shortest  (cost=463626524370.42..463626524375.94 rows=2208 width=12)
  InitPlan
    ->  XN Recursive Union  (cost=0.00..463626524370.42 rows=2208 width=20)
          ->  XN Subquery Scan "*SELECT* 1"  (cost=0.00..25000.01 rows=1 width=4)
                ->  XN Seq Scan on customer  (cost=0.00..25000.00 rows=1 width=4)
                      Filter: (c_customer_sk = 1)
          ->  XN Subquery Scan "*SELECT* 2"  (cost=246303348163.00..463626499370.41 rows=2207 width=20)
                ->  XN Nested Loop DS_BCAST_INNER  (cost=246303348163.00..463626499348.34 rows=2207 width=20)
                      Join Filter: (("inner".c_customer_sk = "outer".friend) OR ("inner".c_customer_sk = "outer".friend))
                      ->  XN CTE Scan on friend_shortest f  (cost=0.00..25.00 rows=1667 width=12)
                            Filter: (hopcount < 3)
                      ->  XN Materialize  (cost=246303348163.00..246303361742.16 rows=1357916 width=8)
                            ->  XN Hash Join DS_DIST_NONE  (cost=123139884779.38..246281620149.09 rows=1357916 width=8)
                                  Hash Cond: ("outer".cs_item_sk = "inner".cs_item_sk)
                                  ->  XN Hash Join DS_BCAST_INNER  (cost=27565.38..123139855928.58 rows=514169 width=8)
                                        Hash Cond: ("outer".cs_bill_customer_sk = "inner".c_customer_sk)
                                        ->  XN Seq Scan on catalog_sales  (cost=0.00..1799963.40 rows=1033694 width=8)
                                              Filter: (cs_item_sk < 1500)
                                        ->  XN Hash  (cost=25000.00..25000.00 rows=1026150 width=4)
                                              ->  XN Seq Scan on customer  (cost=0.00..25000.00 rows=1026150 width=4)
                                                    Filter: ((c_salutation)::text ~~ 'M%s%'::text)
                                  ->  XN Hash  (cost=123139855928.58..123139855928.58 rows=514169 width=8)
                                        ->  XN Hash Join DS_BCAST_INNER  (cost=27565.38..123139855928.58 rows=514169 width=8)
                                              Hash Cond: ("outer".cs_bill_customer_sk = "inner".c_customer_sk)
                                              ->  XN Seq Scan on catalog_sales  (cost=0.00..1799963.40 rows=1033694 width=8)
                                                    Filter: (cs_item_sk < 1500)
                                              ->  XN Hash  (cost=25000.00..25000.00 rows=1026150 width=4)
                                                    ->  XN Seq Scan on customer  (cost=0.00..25000.00 rows=1026150 width=4)
                                                          Filter: ((c_salutation)::text ~~ 'M%s%'::text)
----- Nested Loop Join in the query plan - review the join predicates to avoid Cartesian products -----