XN CTE Scan on friend_shortest  (cost=245770952991.67..245770952993.88 rows=884 width=12)
  InitPlan
    ->  XN Recursive Union  (cost=0.00..245770952991.67 rows=884 width=20)
          ->  XN Subquery Scan "*SELECT* 1"  (cost=0.00..25000.01 rows=1 width=4)
                ->  XN Seq Scan on customer  (cost=0.00..25000.00 rows=1 width=4)
                      Filter: (c_customer_sk = 1)
          ->  XN Subquery Scan "*SELECT* 2"  (cost=158838690718.53..245770927991.66 rows=883 width=20)
                ->  XN Nested Loop DS_BCAST_INNER  (cost=158838690718.53..245770927982.83 rows=883 width=20)
                      Join Filter: (("inner".c_customer_sk = "outer".friend) OR ("inner".c_customer_sk = "outer".friend))
                      ->  XN CTE Scan on friend_shortest f  (cost=0.00..25.00 rows=1667 width=12)
                            Filter: (hopcount < 3)
                      ->  XN Materialize  (cost=158838690718.53..158838696150.38 rows=543185 width=8)
                            ->  XN Hash Join DS_BCAST_INNER  (cost=53399710764.60..158829999215.35 rows=543185 width=8)
                                  Hash Cond: ("outer".ws_item_sk = "inner".ws_item_sk)
                                  ->  XN Hash Join DS_BCAST_INNER  (cost=900849.83..53398809101.78 rows=325195 width=8)
                                        Hash Cond: ("outer".c_customer_sk = "inner".ws_bill_customer_sk)
                                        ->  XN Seq Scan on customer  (cost=0.00..20000.00 rows=2000000 width=4)
                                        ->  XN Hash  (cost=900015.50..900015.50 rows=333732 width=8)
                                              ->  XN Seq Scan on web_sales  (cost=0.00..900015.50 rows=333732 width=8)
                                                    Filter: (ws_item_sk < 1000)
                                  ->  XN Hash  (cost=53398809101.78..53398809101.78 rows=325195 width=8)
                                        ->  XN Hash Join DS_BCAST_INNER  (cost=900849.83..53398809101.78 rows=325195 width=8)
                                              Hash Cond: ("outer".c_customer_sk = "inner".ws_bill_customer_sk)
                                              ->  XN Seq Scan on customer  (cost=0.00..20000.00 rows=2000000 width=4)
                                              ->  XN Hash  (cost=900015.50..900015.50 rows=333732 width=8)
                                                    ->  XN Seq Scan on web_sales  (cost=0.00..900015.50 rows=333732 width=8)
                                                          Filter: (ws_item_sk < 1000)
----- Nested Loop Join in the query plan - review the join predicates to avoid Cartesian products -----