XN CTE Scan on friend_shortest  (cost=13265553008.35..13265553008.37 rows=11 width=12)
  InitPlan
    ->  XN Recursive Union  (cost=0.00..13265553008.35 rows=11 width=20)
          ->  XN Subquery Scan "*SELECT* 1"  (cost=0.00..25000.01 rows=1 width=4)
                ->  XN Seq Scan on customer  (cost=0.00..25000.00 rows=1 width=4)
                      Filter: (c_customer_sk = 1)
          ->  XN Subquery Scan "*SELECT* 2"  (cost=12288473557.31..13265528008.34 rows=10 width=20)
                ->  XN Nested Loop DS_BCAST_INNER  (cost=12288473557.31..13265528008.24 rows=10 width=20)
                      Join Filter: (("inner".c_customer_sk = "outer".friend) OR ("inner".c_customer_sk = "outer".friend))
                      ->  XN CTE Scan on friend_shortest f  (cost=0.00..25.00 rows=1667 width=12)
                            Filter: (hopcount < 3)
                      ->  XN Materialize  (cost=12288473557.31..12288473618.36 rows=6105 width=8)
                            ->  XN Hash Join DS_DIST_NONE  (cost=6144206827.58..12288375871.21 rows=6105 width=8)
                                  Hash Cond: ("outer".ss_item_sk = "inner".ss_item_sk)
                                  ->  XN Hash Join DS_BCAST_INNER  (cost=25128.00..6144181613.39 rows=34475 width=8)
                                        Hash Cond: ("outer".ss_customer_sk = "inner".c_customer_sk)
                                        ->  XN Seq Scan on store_sales  (cost=0.00..18070.31 rows=1445626 width=8)
                                              Filter: (ss_item_sk < 1000)
                                        ->  XN Hash  (cost=25000.00..25000.00 rows=51201 width=4)
                                              ->  XN Seq Scan on customer  (cost=0.00..25000.00 rows=51201 width=4)
                                                    Filter: ((c_birth_country)::text ~~ '%STAN'::text)
                                  ->  XN Hash  (cost=6144181613.39..6144181613.39 rows=34475 width=8)
                                        ->  XN Hash Join DS_BCAST_INNER  (cost=25128.00..6144181613.39 rows=34475 width=8)
                                              Hash Cond: ("outer".ss_customer_sk = "inner".c_customer_sk)
                                              ->  XN Seq Scan on store_sales  (cost=0.00..18070.31 rows=1445626 width=8)
                                                    Filter: (ss_item_sk < 1000)
                                              ->  XN Hash  (cost=25000.00..25000.00 rows=51201 width=4)
                                                    ->  XN Seq Scan on customer  (cost=0.00..25000.00 rows=51201 width=4)
                                                          Filter: ((c_birth_country)::text ~~ '%STAN'::text)
----- Nested Loop Join in the query plan - review the join predicates to avoid Cartesian products -----