XN CTE Scan on friend_shortest  (cost=4303184040564.95..4303184040664.40 rows=39782 width=12)
  InitPlan
    ->  XN Recursive Union  (cost=0.00..4303184040564.95 rows=39782 width=20)
          ->  XN Subquery Scan "*SELECT* 1"  (cost=0.00..25000.01 rows=1 width=4)
                ->  XN Seq Scan on customer  (cost=0.00..25000.00 rows=1 width=4)
                      Filter: (c_customer_sk = 1)
          ->  XN Subquery Scan "*SELECT* 2"  (cost=384416684310.58..4303184015564.94 rows=39781 width=20)
                ->  XN Nested Loop DS_BCAST_INNER  (cost=384416684310.58..4303184015167.13 rows=39781 width=20)
                      Join Filter: (("inner".c_customer_sk = "outer".friend) OR ("inner".c_customer_sk = "outer".friend))
                      ->  XN CTE Scan on friend_shortest f  (cost=0.00..25.00 rows=1667 width=12)
                            Filter: (hopcount < 3)
                      ->  XN Materialize  (cost=384416684310.58..384416929169.76 rows=24485918 width=8)
                            ->  XN Hash Join DS_DIST_NONE  (cost=192000307836.57..384024885136.67 rows=24485918 width=8)
                                  Hash Cond: ("outer".ss_item_sk = "inner".ss_item_sk)
                                  ->  XN Hash Join DS_BCAST_INNER  (cost=29000.00..192000273378.13 rows=2183373 width=8)
                                        Hash Cond: ("outer".ss_customer_sk = "inner".c_customer_sk)
                                        ->  XN Seq Scan on store_sales  (cost=0.00..36623.00 rows=2929840 width=8)
                                              Filter: (ss_item_sk < 2000)
                                        ->  XN Hash  (cost=25000.00..25000.00 rows=1600001 width=4)
                                              ->  XN Seq Scan on customer  (cost=0.00..25000.00 rows=1600001 width=4)
                                                    Filter: ((c_first_name)::text ~~ '%ro%'::text)
                                  ->  XN Hash  (cost=192000273378.13..192000273378.13 rows=2183373 width=8)
                                        ->  XN Hash Join DS_BCAST_INNER  (cost=29000.00..192000273378.13 rows=2183373 width=8)
                                              Hash Cond: ("outer".ss_customer_sk = "inner".c_customer_sk)
                                              ->  XN Seq Scan on store_sales  (cost=0.00..36623.00 rows=2929840 width=8)
                                                    Filter: (ss_item_sk < 2000)
                                              ->  XN Hash  (cost=25000.00..25000.00 rows=1600001 width=4)
                                                    ->  XN Seq Scan on customer  (cost=0.00..25000.00 rows=1600001 width=4)
                                                          Filter: ((c_first_name)::text ~~ '%ro%'::text)
----- Nested Loop Join in the query plan - review the join predicates to avoid Cartesian products -----